{"C:\\Users\\nacho\\Desktop\\Proyectos\\business-manager\\backoffice-backend\\src\\app.js": {"path":"C:\\Users\\nacho\\Desktop\\Proyectos\\business-manager\\backoffice-backend\\src\\app.js","statementMap":{"0":{"start":{"line":21,"column":12},"end":{"line":21,"column":21}},"1":{"start":{"line":22,"column":0},"end":{"line":22,"column":27}},"2":{"start":{"line":23,"column":0},"end":{"line":23,"column":275}},"3":{"start":{"line":25,"column":0},"end":{"line":25,"column":26}},"4":{"start":{"line":26,"column":0},"end":{"line":26,"column":48}},"5":{"start":{"line":27,"column":0},"end":{"line":27,"column":24}},"6":{"start":{"line":28,"column":0},"end":{"line":28,"column":31}},"7":{"start":{"line":29,"column":0},"end":{"line":29,"column":28}},"8":{"start":{"line":30,"column":0},"end":{"line":30,"column":21}},"9":{"start":{"line":32,"column":0},"end":{"line":32,"column":41}},"10":{"start":{"line":33,"column":0},"end":{"line":33,"column":42}},"11":{"start":{"line":34,"column":0},"end":{"line":34,"column":36}},"12":{"start":{"line":35,"column":0},"end":{"line":35,"column":34}},"13":{"start":{"line":36,"column":0},"end":{"line":36,"column":40}},"14":{"start":{"line":37,"column":0},"end":{"line":37,"column":41}},"15":{"start":{"line":38,"column":0},"end":{"line":38,"column":43}},"16":{"start":{"line":39,"column":0},"end":{"line":39,"column":35}},"17":{"start":{"line":40,"column":0},"end":{"line":40,"column":41}},"18":{"start":{"line":42,"column":0},"end":{"line":42,"column":22}},"19":{"start":{"line":44,"column":0},"end":{"line":44,"column":52}},"20":{"start":{"line":45,"column":0},"end":{"line":45,"column":53}},"21":{"start":{"line":47,"column":13},"end":{"line":47,"column":37}},"22":{"start":{"line":49,"column":22},"end":{"line":49,"column":86}},"23":{"start":{"line":49,"column":45},"end":{"line":49,"column":85}}},"fnMap":{"0":{"name":"(anonymous_0)","decl":{"start":{"line":49,"column":39},"end":{"line":49,"column":40}},"loc":{"start":{"line":49,"column":45},"end":{"line":49,"column":85}},"line":49}},"branchMap":{"0":{"loc":{"start":{"line":23,"column":132},"end":{"line":23,"column":183}},"type":"cond-expr","locations":[{"start":{"line":23,"column":169},"end":{"line":23,"column":175}},{"start":{"line":23,"column":178},"end":{"line":23,"column":183}}],"line":23},"1":{"loc":{"start":{"line":47,"column":13},"end":{"line":47,"column":37}},"type":"binary-expr","locations":[{"start":{"line":47,"column":13},"end":{"line":47,"column":29}},{"start":{"line":47,"column":33},"end":{"line":47,"column":37}}],"line":47}},"s":{"0":2,"1":2,"2":2,"3":2,"4":2,"5":2,"6":2,"7":2,"8":2,"9":2,"10":2,"11":2,"12":2,"13":2,"14":2,"15":2,"16":2,"17":2,"18":2,"19":2,"20":2,"21":2,"22":2,"23":1},"f":{"0":1},"b":{"0":[0,2],"1":[2,2]},"_coverageSchema":"1a1c01bbd47fc00a2c39e90264f33305004495a9","hash":"f78d6703dfda1785e9ff1e3977cab7b128833bcc"}
,"C:\\Users\\nacho\\Desktop\\Proyectos\\business-manager\\backoffice-backend\\src\\config\\config.js": {"path":"C:\\Users\\nacho\\Desktop\\Proyectos\\business-manager\\backoffice-backend\\src\\config\\config.js","statementMap":{"0":{"start":{"line":5,"column":0},"end":{"line":5,"column":89}}},"fnMap":{},"branchMap":{"0":{"loc":{"start":{"line":5,"column":22},"end":{"line":5,"column":85}},"type":"cond-expr","locations":[{"start":{"line":5,"column":62},"end":{"line":5,"column":68}},{"start":{"line":5,"column":71},"end":{"line":5,"column":85}}],"line":5},"1":{"loc":{"start":{"line":25,"column":16},"end":{"line":25,"column":98}},"type":"cond-expr","locations":[{"start":{"line":25,"column":50},"end":{"line":25,"column":69}},{"start":{"line":25,"column":72},"end":{"line":25,"column":98}}],"line":25}},"s":{"0":2},"f":{},"b":{"0":[0,2],"1":[2,0]},"_coverageSchema":"1a1c01bbd47fc00a2c39e90264f33305004495a9","hash":"8eaa2d889a2dd01eb5cd01191800563bdfdb135d"}
,"C:\\Users\\nacho\\Desktop\\Proyectos\\business-manager\\backoffice-backend\\src\\config\\cors.js": {"path":"C:\\Users\\nacho\\Desktop\\Proyectos\\business-manager\\backoffice-backend\\src\\config\\cors.js","statementMap":{"0":{"start":{"line":2,"column":18},"end":{"line":2,"column":91}},"1":{"start":{"line":3,"column":27},"end":{"line":14,"column":1}},"2":{"start":{"line":5,"column":4},"end":{"line":9,"column":5}},"3":{"start":{"line":6,"column":6},"end":{"line":6,"column":27}},"4":{"start":{"line":8,"column":6},"end":{"line":8,"column":49}}},"fnMap":{"0":{"name":"(anonymous_0)","decl":{"start":{"line":4,"column":10},"end":{"line":4,"column":11}},"loc":{"start":{"line":4,"column":38},"end":{"line":10,"column":3}},"line":4}},"branchMap":{"0":{"loc":{"start":{"line":5,"column":4},"end":{"line":9,"column":5}},"type":"if","locations":[{"start":{"line":5,"column":4},"end":{"line":9,"column":5}},{"start":{"line":7,"column":11},"end":{"line":9,"column":5}}],"line":5}},"s":{"0":2,"1":2,"2":31,"3":31,"4":0},"f":{"0":31},"b":{"0":[31,0]},"_coverageSchema":"1a1c01bbd47fc00a2c39e90264f33305004495a9","hash":"29f05e699f1e54aa0f724ce017b535574fad6fb0"}
,"C:\\Users\\nacho\\Desktop\\Proyectos\\business-manager\\backoffice-backend\\src\\config\\dbconfig-mysql.js": {"path":"C:\\Users\\nacho\\Desktop\\Proyectos\\business-manager\\backoffice-backend\\src\\config\\dbconfig-mysql.js","statementMap":{"0":{"start":{"line":4,"column":33},"end":{"line":10,"column":1}},"1":{"start":{"line":11,"column":20},"end":{"line":11,"column":55}}},"fnMap":{},"branchMap":{},"s":{"0":2,"1":2},"f":{},"b":{},"_coverageSchema":"1a1c01bbd47fc00a2c39e90264f33305004495a9","hash":"0566ff58ae80170d02b2fb6dfbf0fbe863638ba7"}
,"C:\\Users\\nacho\\Desktop\\Proyectos\\business-manager\\backoffice-backend\\src\\config\\passport.js": {"path":"C:\\Users\\nacho\\Desktop\\Proyectos\\business-manager\\backoffice-backend\\src\\config\\passport.js","statementMap":{"0":{"start":{"line":9,"column":26},"end":{"line":14,"column":1}},"1":{"start":{"line":15,"column":18},"end":{"line":23,"column":1}},"2":{"start":{"line":25,"column":22},"end":{"line":25,"column":36}},"3":{"start":{"line":26,"column":27},"end":{"line":97,"column":1}},"4":{"start":{"line":27,"column":2},"end":{"line":48,"column":4}},"5":{"start":{"line":30,"column":6},"end":{"line":46,"column":7}},"6":{"start":{"line":31,"column":25},"end":{"line":31,"column":28}},"7":{"start":{"line":32,"column":21},"end":{"line":32,"column":63}},"8":{"start":{"line":33,"column":8},"end":{"line":33,"column":88}},"9":{"start":{"line":33,"column":26},"end":{"line":33,"column":88}},"10":{"start":{"line":34,"column":31},"end":{"line":34,"column":57}},"11":{"start":{"line":35,"column":41},"end":{"line":35,"column":150}},"12":{"start":{"line":36,"column":8},"end":{"line":36,"column":41}},"13":{"start":{"line":36,"column":22},"end":{"line":36,"column":41}},"14":{"start":{"line":37,"column":24},"end":{"line":37,"column":55}},"15":{"start":{"line":39,"column":8},"end":{"line":43,"column":9}},"16":{"start":{"line":40,"column":10},"end":{"line":40,"column":45}},"17":{"start":{"line":42,"column":10},"end":{"line":42,"column":63}},"18":{"start":{"line":45,"column":8},"end":{"line":45,"column":27}},"19":{"start":{"line":50,"column":2},"end":{"line":68,"column":4}},"20":{"start":{"line":53,"column":6},"end":{"line":66,"column":7}},"21":{"start":{"line":54,"column":8},"end":{"line":57,"column":9}},"22":{"start":{"line":55,"column":10},"end":{"line":55,"column":85}},"23":{"start":{"line":55,"column":56},"end":{"line":55,"column":85}},"24":{"start":{"line":56,"column":10},"end":{"line":56,"column":69}},"25":{"start":{"line":58,"column":21},"end":{"line":58,"column":63}},"26":{"start":{"line":59,"column":8},"end":{"line":59,"column":84}},"27":{"start":{"line":59,"column":27},"end":{"line":59,"column":84}},"28":{"start":{"line":60,"column":27},"end":{"line":60,"column":72}},"29":{"start":{"line":61,"column":8},"end":{"line":61,"column":84}},"30":{"start":{"line":61,"column":25},"end":{"line":61,"column":84}},"31":{"start":{"line":62,"column":8},"end":{"line":62,"column":114}},"32":{"start":{"line":62,"column":43},"end":{"line":62,"column":114}},"33":{"start":{"line":63,"column":8},"end":{"line":63,"column":40}},"34":{"start":{"line":65,"column":8},"end":{"line":65,"column":20}},"35":{"start":{"line":89,"column":2},"end":{"line":91,"column":5}},"36":{"start":{"line":90,"column":4},"end":{"line":90,"column":24}},"37":{"start":{"line":92,"column":2},"end":{"line":96,"column":5}},"38":{"start":{"line":93,"column":4},"end":{"line":93,"column":70}},"39":{"start":{"line":93,"column":41},"end":{"line":93,"column":70}},"40":{"start":{"line":94,"column":17},"end":{"line":94,"column":57}},"41":{"start":{"line":95,"column":4},"end":{"line":95,"column":29}}},"fnMap":{"0":{"name":"(anonymous_0)","decl":{"start":{"line":26,"column":27},"end":{"line":26,"column":28}},"loc":{"start":{"line":26,"column":33},"end":{"line":97,"column":1}},"line":26},"1":{"name":"(anonymous_1)","decl":{"start":{"line":29,"column":66},"end":{"line":29,"column":67}},"loc":{"start":{"line":29,"column":107},"end":{"line":47,"column":5}},"line":29},"2":{"name":"(anonymous_2)","decl":{"start":{"line":52,"column":22},"end":{"line":52,"column":23}},"loc":{"start":{"line":52,"column":58},"end":{"line":67,"column":5}},"line":52},"3":{"name":"(anonymous_3)","decl":{"start":{"line":89,"column":25},"end":{"line":89,"column":26}},"loc":{"start":{"line":89,"column":41},"end":{"line":91,"column":3}},"line":89},"4":{"name":"(anonymous_4)","decl":{"start":{"line":92,"column":27},"end":{"line":92,"column":28}},"loc":{"start":{"line":92,"column":47},"end":{"line":96,"column":3}},"line":92}},"branchMap":{"0":{"loc":{"start":{"line":33,"column":8},"end":{"line":33,"column":88}},"type":"if","locations":[{"start":{"line":33,"column":8},"end":{"line":33,"column":88}},{"start":{},"end":{}}],"line":33},"1":{"loc":{"start":{"line":36,"column":8},"end":{"line":36,"column":41}},"type":"if","locations":[{"start":{"line":36,"column":8},"end":{"line":36,"column":41}},{"start":{},"end":{}}],"line":36},"2":{"loc":{"start":{"line":39,"column":8},"end":{"line":43,"column":9}},"type":"if","locations":[{"start":{"line":39,"column":8},"end":{"line":43,"column":9}},{"start":{"line":41,"column":15},"end":{"line":43,"column":9}}],"line":39},"3":{"loc":{"start":{"line":54,"column":8},"end":{"line":57,"column":9}},"type":"if","locations":[{"start":{"line":54,"column":8},"end":{"line":57,"column":9}},{"start":{},"end":{}}],"line":54},"4":{"loc":{"start":{"line":55,"column":10},"end":{"line":55,"column":85}},"type":"if","locations":[{"start":{"line":55,"column":10},"end":{"line":55,"column":85}},{"start":{},"end":{}}],"line":55},"5":{"loc":{"start":{"line":59,"column":8},"end":{"line":59,"column":84}},"type":"if","locations":[{"start":{"line":59,"column":8},"end":{"line":59,"column":84}},{"start":{},"end":{}}],"line":59},"6":{"loc":{"start":{"line":61,"column":8},"end":{"line":61,"column":84}},"type":"if","locations":[{"start":{"line":61,"column":8},"end":{"line":61,"column":84}},{"start":{},"end":{}}],"line":61},"7":{"loc":{"start":{"line":62,"column":8},"end":{"line":62,"column":114}},"type":"if","locations":[{"start":{"line":62,"column":8},"end":{"line":62,"column":114}},{"start":{},"end":{}}],"line":62},"8":{"loc":{"start":{"line":93,"column":4},"end":{"line":93,"column":70}},"type":"if","locations":[{"start":{"line":93,"column":4},"end":{"line":93,"column":70}},{"start":{},"end":{}}],"line":93},"9":{"loc":{"start":{"line":93,"column":9},"end":{"line":93,"column":21}},"type":"binary-expr","locations":[{"start":{"line":93,"column":9},"end":{"line":93,"column":15}},{"start":{"line":93,"column":19},"end":{"line":93,"column":21}}],"line":93},"10":{"loc":{"start":{"line":94,"column":44},"end":{"line":94,"column":56}},"type":"binary-expr","locations":[{"start":{"line":94,"column":44},"end":{"line":94,"column":50}},{"start":{"line":94,"column":54},"end":{"line":94,"column":56}}],"line":94}},"s":{"0":2,"1":2,"2":2,"3":2,"4":2,"5":0,"6":0,"7":0,"8":0,"9":0,"10":0,"11":0,"12":0,"13":0,"14":0,"15":0,"16":0,"17":0,"18":0,"19":2,"20":2,"21":2,"22":2,"23":2,"24":0,"25":0,"26":0,"27":0,"28":0,"29":0,"30":0,"31":0,"32":0,"33":0,"34":0,"35":2,"36":0,"37":2,"38":29,"39":29,"40":0,"41":0},"f":{"0":2,"1":0,"2":2,"3":0,"4":29},"b":{"0":[0,0],"1":[0,0],"2":[0,0],"3":[2,0],"4":[2,0],"5":[0,0],"6":[0,0],"7":[0,0],"8":[29,0],"9":[29,0],"10":[0,0]},"_coverageSchema":"1a1c01bbd47fc00a2c39e90264f33305004495a9","hash":"48e35969b756ef19b1b8031d0a8fc6ae23dae3bc"}
,"C:\\Users\\nacho\\Desktop\\Proyectos\\business-manager\\backoffice-backend\\src\\config\\sessionsStorage.js": {"path":"C:\\Users\\nacho\\Desktop\\Proyectos\\business-manager\\backoffice-backend\\src\\config\\sessionsStorage.js","statementMap":{"0":{"start":{"line":5,"column":19},"end":{"line":5,"column":38}},"1":{"start":{"line":8,"column":28},"end":{"line":8,"column":52}}},"fnMap":{},"branchMap":{},"s":{"0":2,"1":2},"f":{},"b":{},"_coverageSchema":"1a1c01bbd47fc00a2c39e90264f33305004495a9","hash":"841c3ec073955e28b9887709113e4b4fea376d83"}
,"C:\\Users\\nacho\\Desktop\\Proyectos\\business-manager\\backoffice-backend\\src\\controllers\\balances.js": {"path":"C:\\Users\\nacho\\Desktop\\Proyectos\\business-manager\\backoffice-backend\\src\\controllers\\balances.js","statementMap":{"0":{"start":{"line":4,"column":23},"end":{"line":10,"column":1}},"1":{"start":{"line":5,"column":2},"end":{"line":9,"column":3}},"2":{"start":{"line":6,"column":4},"end":{"line":6,"column":64}},"3":{"start":{"line":8,"column":4},"end":{"line":8,"column":16}}},"fnMap":{"0":{"name":"(anonymous_0)","decl":{"start":{"line":4,"column":23},"end":{"line":4,"column":24}},"loc":{"start":{"line":4,"column":49},"end":{"line":10,"column":1}},"line":4}},"branchMap":{},"s":{"0":2,"1":0,"2":0,"3":0},"f":{"0":0},"b":{},"_coverageSchema":"1a1c01bbd47fc00a2c39e90264f33305004495a9","hash":"cb495dd5fe2b561a82c40de07f2de34e4dabeff1"}
,"C:\\Users\\nacho\\Desktop\\Proyectos\\business-manager\\backoffice-backend\\src\\controllers\\costumers.js": {"path":"C:\\Users\\nacho\\Desktop\\Proyectos\\business-manager\\backoffice-backend\\src\\controllers\\costumers.js","statementMap":{"0":{"start":{"line":8,"column":21},"end":{"line":14,"column":1}},"1":{"start":{"line":9,"column":2},"end":{"line":13,"column":3}},"2":{"start":{"line":10,"column":4},"end":{"line":10,"column":65}},"3":{"start":{"line":12,"column":4},"end":{"line":12,"column":16}},"4":{"start":{"line":16,"column":23},"end":{"line":24,"column":1}},"5":{"start":{"line":17,"column":2},"end":{"line":23,"column":3}},"6":{"start":{"line":18,"column":17},"end":{"line":18,"column":61}},"7":{"start":{"line":19,"column":30},"end":{"line":19,"column":97}},"8":{"start":{"line":20,"column":4},"end":{"line":20,"column":108}},"9":{"start":{"line":22,"column":4},"end":{"line":22,"column":16}},"10":{"start":{"line":26,"column":23},"end":{"line":37,"column":1}},"11":{"start":{"line":27,"column":2},"end":{"line":36,"column":3}},"12":{"start":{"line":28,"column":19},"end":{"line":28,"column":29}},"13":{"start":{"line":29,"column":17},"end":{"line":29,"column":61}},"14":{"start":{"line":30,"column":24},"end":{"line":30,"column":87}},"15":{"start":{"line":31,"column":28},"end":{"line":31,"column":51}},"16":{"start":{"line":32,"column":30},"end":{"line":32,"column":100}},"17":{"start":{"line":33,"column":4},"end":{"line":33,"column":112}},"18":{"start":{"line":35,"column":4},"end":{"line":35,"column":16}},"19":{"start":{"line":39,"column":23},"end":{"line":45,"column":1}},"20":{"start":{"line":40,"column":2},"end":{"line":44,"column":3}},"21":{"start":{"line":41,"column":4},"end":{"line":41,"column":72}},"22":{"start":{"line":43,"column":4},"end":{"line":43,"column":16}},"23":{"start":{"line":47,"column":30},"end":{"line":58,"column":1}},"24":{"start":{"line":48,"column":2},"end":{"line":57,"column":3}},"25":{"start":{"line":49,"column":25},"end":{"line":49,"column":34}},"26":{"start":{"line":50,"column":28},"end":{"line":50,"column":67}},"27":{"start":{"line":51,"column":4},"end":{"line":53,"column":7}},"28":{"start":{"line":52,"column":6},"end":{"line":52,"column":46}},"29":{"start":{"line":54,"column":4},"end":{"line":54,"column":64}},"30":{"start":{"line":56,"column":4},"end":{"line":56,"column":16}}},"fnMap":{"0":{"name":"(anonymous_0)","decl":{"start":{"line":8,"column":21},"end":{"line":8,"column":22}},"loc":{"start":{"line":8,"column":47},"end":{"line":14,"column":1}},"line":8},"1":{"name":"(anonymous_1)","decl":{"start":{"line":16,"column":23},"end":{"line":16,"column":24}},"loc":{"start":{"line":16,"column":49},"end":{"line":24,"column":1}},"line":16},"2":{"name":"(anonymous_2)","decl":{"start":{"line":26,"column":23},"end":{"line":26,"column":24}},"loc":{"start":{"line":26,"column":49},"end":{"line":37,"column":1}},"line":26},"3":{"name":"(anonymous_3)","decl":{"start":{"line":39,"column":23},"end":{"line":39,"column":24}},"loc":{"start":{"line":39,"column":49},"end":{"line":45,"column":1}},"line":39},"4":{"name":"(anonymous_4)","decl":{"start":{"line":47,"column":30},"end":{"line":47,"column":31}},"loc":{"start":{"line":47,"column":56},"end":{"line":58,"column":1}},"line":47},"5":{"name":"(anonymous_5)","decl":{"start":{"line":51,"column":28},"end":{"line":51,"column":29}},"loc":{"start":{"line":51,"column":48},"end":{"line":53,"column":5}},"line":51}},"branchMap":{},"s":{"0":2,"1":3,"2":3,"3":0,"4":2,"5":4,"6":4,"7":4,"8":3,"9":1,"10":2,"11":2,"12":2,"13":2,"14":2,"15":1,"16":1,"17":1,"18":1,"19":2,"20":2,"21":2,"22":1,"23":2,"24":0,"25":0,"26":0,"27":0,"28":0,"29":0,"30":0},"f":{"0":3,"1":4,"2":2,"3":2,"4":0,"5":0},"b":{},"_coverageSchema":"1a1c01bbd47fc00a2c39e90264f33305004495a9","hash":"c8d8bc2f2dfec48f095f4f349e45cd07a2d45d1d"}
,"C:\\Users\\nacho\\Desktop\\Proyectos\\business-manager\\backoffice-backend\\src\\controllers\\movements.js": {"path":"C:\\Users\\nacho\\Desktop\\Proyectos\\business-manager\\backoffice-backend\\src\\controllers\\movements.js","statementMap":{"0":{"start":{"line":5,"column":33},"end":{"line":13,"column":1}},"1":{"start":{"line":6,"column":2},"end":{"line":12,"column":3}},"2":{"start":{"line":7,"column":28},"end":{"line":7,"column":38}},"3":{"start":{"line":8,"column":24},"end":{"line":8,"column":96}},"4":{"start":{"line":9,"column":4},"end":{"line":9,"column":44}},"5":{"start":{"line":11,"column":4},"end":{"line":11,"column":16}}},"fnMap":{"0":{"name":"(anonymous_0)","decl":{"start":{"line":5,"column":33},"end":{"line":5,"column":34}},"loc":{"start":{"line":5,"column":59},"end":{"line":13,"column":1}},"line":5}},"branchMap":{},"s":{"0":2,"1":0,"2":0,"3":0,"4":0,"5":0},"f":{"0":0},"b":{},"_coverageSchema":"1a1c01bbd47fc00a2c39e90264f33305004495a9","hash":"afaf6ddf56977e61d56c1d1663fb3f7bb3c364e4"}
,"C:\\Users\\nacho\\Desktop\\Proyectos\\business-manager\\backoffice-backend\\src\\controllers\\orders.js": {"path":"C:\\Users\\nacho\\Desktop\\Proyectos\\business-manager\\backoffice-backend\\src\\controllers\\orders.js","statementMap":{"0":{"start":{"line":9,"column":15},"end":{"line":15,"column":1}},"1":{"start":{"line":10,"column":2},"end":{"line":14,"column":3}},"2":{"start":{"line":11,"column":4},"end":{"line":11,"column":62}},"3":{"start":{"line":13,"column":4},"end":{"line":13,"column":16}},"4":{"start":{"line":17,"column":16},"end":{"line":25,"column":1}},"5":{"start":{"line":18,"column":2},"end":{"line":24,"column":3}},"6":{"start":{"line":19,"column":19},"end":{"line":19,"column":29}},"7":{"start":{"line":20,"column":24},"end":{"line":20,"column":84}},"8":{"start":{"line":21,"column":4},"end":{"line":21,"column":44}},"9":{"start":{"line":23,"column":4},"end":{"line":23,"column":16}},"10":{"start":{"line":26,"column":15},"end":{"line":34,"column":1}},"11":{"start":{"line":27,"column":2},"end":{"line":33,"column":3}},"12":{"start":{"line":28,"column":21},"end":{"line":28,"column":24}},"13":{"start":{"line":29,"column":30},"end":{"line":29,"column":86}},"14":{"start":{"line":30,"column":4},"end":{"line":30,"column":105}},"15":{"start":{"line":32,"column":4},"end":{"line":32,"column":16}},"16":{"start":{"line":35,"column":15},"end":{"line":47,"column":1}},"17":{"start":{"line":36,"column":2},"end":{"line":46,"column":3}},"18":{"start":{"line":37,"column":19},"end":{"line":37,"column":29}},"19":{"start":{"line":38,"column":21},"end":{"line":38,"column":24}},"20":{"start":{"line":39,"column":31},"end":{"line":39,"column":91}},"21":{"start":{"line":40,"column":4},"end":{"line":40,"column":106}},"22":{"start":{"line":40,"column":16},"end":{"line":40,"column":106}},"23":{"start":{"line":41,"column":24},"end":{"line":41,"column":45}},"24":{"start":{"line":42,"column":30},"end":{"line":42,"column":93}},"25":{"start":{"line":43,"column":4},"end":{"line":43,"column":109}},"26":{"start":{"line":45,"column":4},"end":{"line":45,"column":16}},"27":{"start":{"line":48,"column":20},"end":{"line":54,"column":1}},"28":{"start":{"line":49,"column":2},"end":{"line":53,"column":3}},"29":{"start":{"line":50,"column":4},"end":{"line":50,"column":69}},"30":{"start":{"line":52,"column":4},"end":{"line":52,"column":16}},"31":{"start":{"line":55,"column":31},"end":{"line":63,"column":1}},"32":{"start":{"line":56,"column":2},"end":{"line":62,"column":3}},"33":{"start":{"line":57,"column":24},"end":{"line":57,"column":34}},"34":{"start":{"line":58,"column":24},"end":{"line":58,"column":69}},"35":{"start":{"line":59,"column":4},"end":{"line":59,"column":44}},"36":{"start":{"line":61,"column":4},"end":{"line":61,"column":16}},"37":{"start":{"line":65,"column":27},"end":{"line":79,"column":1}},"38":{"start":{"line":66,"column":2},"end":{"line":78,"column":3}},"39":{"start":{"line":67,"column":25},"end":{"line":67,"column":34}},"40":{"start":{"line":68,"column":25},"end":{"line":68,"column":61}},"41":{"start":{"line":69,"column":4},"end":{"line":74,"column":7}},"42":{"start":{"line":70,"column":25},"end":{"line":70,"column":79}},"43":{"start":{"line":71,"column":30},"end":{"line":71,"column":77}},"44":{"start":{"line":72,"column":6},"end":{"line":72,"column":41}},"45":{"start":{"line":73,"column":6},"end":{"line":73,"column":40}},"46":{"start":{"line":75,"column":4},"end":{"line":75,"column":73}},"47":{"start":{"line":77,"column":4},"end":{"line":77,"column":16}}},"fnMap":{"0":{"name":"(anonymous_0)","decl":{"start":{"line":9,"column":15},"end":{"line":9,"column":16}},"loc":{"start":{"line":9,"column":41},"end":{"line":15,"column":1}},"line":9},"1":{"name":"(anonymous_1)","decl":{"start":{"line":17,"column":16},"end":{"line":17,"column":17}},"loc":{"start":{"line":17,"column":42},"end":{"line":25,"column":1}},"line":17},"2":{"name":"(anonymous_2)","decl":{"start":{"line":26,"column":15},"end":{"line":26,"column":16}},"loc":{"start":{"line":26,"column":41},"end":{"line":34,"column":1}},"line":26},"3":{"name":"(anonymous_3)","decl":{"start":{"line":35,"column":15},"end":{"line":35,"column":16}},"loc":{"start":{"line":35,"column":41},"end":{"line":47,"column":1}},"line":35},"4":{"name":"(anonymous_4)","decl":{"start":{"line":48,"column":20},"end":{"line":48,"column":21}},"loc":{"start":{"line":48,"column":46},"end":{"line":54,"column":1}},"line":48},"5":{"name":"(anonymous_5)","decl":{"start":{"line":55,"column":31},"end":{"line":55,"column":32}},"loc":{"start":{"line":55,"column":57},"end":{"line":63,"column":1}},"line":55},"6":{"name":"(anonymous_6)","decl":{"start":{"line":65,"column":27},"end":{"line":65,"column":28}},"loc":{"start":{"line":65,"column":53},"end":{"line":79,"column":1}},"line":65},"7":{"name":"(anonymous_7)","decl":{"start":{"line":69,"column":25},"end":{"line":69,"column":26}},"loc":{"start":{"line":69,"column":42},"end":{"line":74,"column":5}},"line":69}},"branchMap":{"0":{"loc":{"start":{"line":40,"column":4},"end":{"line":40,"column":106}},"type":"if","locations":[{"start":{"line":40,"column":4},"end":{"line":40,"column":106}},{"start":{},"end":{}}],"line":40}},"s":{"0":2,"1":0,"2":0,"3":0,"4":2,"5":0,"6":0,"7":0,"8":0,"9":0,"10":2,"11":0,"12":0,"13":0,"14":0,"15":0,"16":2,"17":0,"18":0,"19":0,"20":0,"21":0,"22":0,"23":0,"24":0,"25":0,"26":0,"27":2,"28":0,"29":0,"30":0,"31":2,"32":0,"33":0,"34":0,"35":0,"36":0,"37":2,"38":0,"39":0,"40":0,"41":0,"42":0,"43":0,"44":0,"45":0,"46":0,"47":0},"f":{"0":0,"1":0,"2":0,"3":0,"4":0,"5":0,"6":0,"7":0},"b":{"0":[0,0]},"_coverageSchema":"1a1c01bbd47fc00a2c39e90264f33305004495a9","hash":"e22583e495beaac93900461fcf674f25b657c50c"}
,"C:\\Users\\nacho\\Desktop\\Proyectos\\business-manager\\backoffice-backend\\src\\controllers\\payments.js": {"path":"C:\\Users\\nacho\\Desktop\\Proyectos\\business-manager\\backoffice-backend\\src\\controllers\\payments.js","statementMap":{"0":{"start":{"line":6,"column":15},"end":{"line":11,"column":1}},"1":{"start":{"line":7,"column":19},"end":{"line":7,"column":22}},"2":{"start":{"line":8,"column":2},"end":{"line":8,"column":52}},"3":{"start":{"line":9,"column":28},"end":{"line":9,"column":86}},"4":{"start":{"line":10,"column":2},"end":{"line":10,"column":105}}},"fnMap":{"0":{"name":"(anonymous_0)","decl":{"start":{"line":6,"column":15},"end":{"line":6,"column":16}},"loc":{"start":{"line":6,"column":41},"end":{"line":11,"column":1}},"line":6}},"branchMap":{},"s":{"0":2,"1":0,"2":0,"3":0,"4":0},"f":{"0":0},"b":{},"_coverageSchema":"1a1c01bbd47fc00a2c39e90264f33305004495a9","hash":"99ffee744602ee59d5b128491fe437e1e624ec95"}
,"C:\\Users\\nacho\\Desktop\\Proyectos\\business-manager\\backoffice-backend\\src\\controllers\\products.js": {"path":"C:\\Users\\nacho\\Desktop\\Proyectos\\business-manager\\backoffice-backend\\src\\controllers\\products.js","statementMap":{"0":{"start":{"line":10,"column":20},"end":{"line":16,"column":1}},"1":{"start":{"line":11,"column":2},"end":{"line":15,"column":3}},"2":{"start":{"line":12,"column":4},"end":{"line":12,"column":64}},"3":{"start":{"line":14,"column":4},"end":{"line":14,"column":16}},"4":{"start":{"line":18,"column":23},"end":{"line":26,"column":1}},"5":{"start":{"line":19,"column":2},"end":{"line":25,"column":3}},"6":{"start":{"line":20,"column":19},"end":{"line":20,"column":29}},"7":{"start":{"line":21,"column":24},"end":{"line":21,"column":86}},"8":{"start":{"line":22,"column":4},"end":{"line":22,"column":44}},"9":{"start":{"line":24,"column":4},"end":{"line":24,"column":16}},"10":{"start":{"line":27,"column":22},"end":{"line":35,"column":1}},"11":{"start":{"line":28,"column":2},"end":{"line":34,"column":3}},"12":{"start":{"line":29,"column":17},"end":{"line":29,"column":60}},"13":{"start":{"line":30,"column":30},"end":{"line":30,"column":96}},"14":{"start":{"line":31,"column":4},"end":{"line":31,"column":107}},"15":{"start":{"line":33,"column":4},"end":{"line":33,"column":16}},"16":{"start":{"line":37,"column":22},"end":{"line":49,"column":1}},"17":{"start":{"line":38,"column":2},"end":{"line":48,"column":3}},"18":{"start":{"line":39,"column":19},"end":{"line":39,"column":29}},"19":{"start":{"line":40,"column":33},"end":{"line":40,"column":95}},"20":{"start":{"line":41,"column":4},"end":{"line":41,"column":108}},"21":{"start":{"line":41,"column":18},"end":{"line":41,"column":108}},"22":{"start":{"line":42,"column":17},"end":{"line":42,"column":60}},"23":{"start":{"line":43,"column":23},"end":{"line":43,"column":46}},"24":{"start":{"line":44,"column":30},"end":{"line":44,"column":102}},"25":{"start":{"line":45,"column":4},"end":{"line":45,"column":111}},"26":{"start":{"line":47,"column":4},"end":{"line":47,"column":16}},"27":{"start":{"line":51,"column":22},"end":{"line":57,"column":1}},"28":{"start":{"line":52,"column":2},"end":{"line":56,"column":3}},"29":{"start":{"line":53,"column":4},"end":{"line":53,"column":71}},"30":{"start":{"line":55,"column":4},"end":{"line":55,"column":16}},"31":{"start":{"line":59,"column":29},"end":{"line":70,"column":1}},"32":{"start":{"line":60,"column":2},"end":{"line":69,"column":3}},"33":{"start":{"line":61,"column":25},"end":{"line":61,"column":34}},"34":{"start":{"line":62,"column":27},"end":{"line":62,"column":65}},"35":{"start":{"line":63,"column":4},"end":{"line":65,"column":7}},"36":{"start":{"line":64,"column":6},"end":{"line":64,"column":44}},"37":{"start":{"line":66,"column":4},"end":{"line":66,"column":76}},"38":{"start":{"line":68,"column":4},"end":{"line":68,"column":16}}},"fnMap":{"0":{"name":"(anonymous_0)","decl":{"start":{"line":10,"column":20},"end":{"line":10,"column":21}},"loc":{"start":{"line":10,"column":46},"end":{"line":16,"column":1}},"line":10},"1":{"name":"(anonymous_1)","decl":{"start":{"line":18,"column":23},"end":{"line":18,"column":24}},"loc":{"start":{"line":18,"column":49},"end":{"line":26,"column":1}},"line":18},"2":{"name":"(anonymous_2)","decl":{"start":{"line":27,"column":22},"end":{"line":27,"column":23}},"loc":{"start":{"line":27,"column":48},"end":{"line":35,"column":1}},"line":27},"3":{"name":"(anonymous_3)","decl":{"start":{"line":37,"column":22},"end":{"line":37,"column":23}},"loc":{"start":{"line":37,"column":48},"end":{"line":49,"column":1}},"line":37},"4":{"name":"(anonymous_4)","decl":{"start":{"line":51,"column":22},"end":{"line":51,"column":23}},"loc":{"start":{"line":51,"column":48},"end":{"line":57,"column":1}},"line":51},"5":{"name":"(anonymous_5)","decl":{"start":{"line":59,"column":29},"end":{"line":59,"column":30}},"loc":{"start":{"line":59,"column":55},"end":{"line":70,"column":1}},"line":59},"6":{"name":"(anonymous_6)","decl":{"start":{"line":63,"column":27},"end":{"line":63,"column":28}},"loc":{"start":{"line":63,"column":46},"end":{"line":65,"column":5}},"line":63}},"branchMap":{"0":{"loc":{"start":{"line":41,"column":4},"end":{"line":41,"column":108}},"type":"if","locations":[{"start":{"line":41,"column":4},"end":{"line":41,"column":108}},{"start":{},"end":{}}],"line":41}},"s":{"0":2,"1":3,"2":3,"3":0,"4":2,"5":4,"6":4,"7":4,"8":3,"9":1,"10":2,"11":6,"12":6,"13":6,"14":5,"15":2,"16":2,"17":3,"18":3,"19":3,"20":2,"21":0,"22":2,"23":2,"24":2,"25":1,"26":2,"27":2,"28":2,"29":2,"30":1,"31":2,"32":0,"33":0,"34":0,"35":0,"36":0,"37":0,"38":0},"f":{"0":3,"1":4,"2":6,"3":3,"4":2,"5":0,"6":0},"b":{"0":[0,2]},"_coverageSchema":"1a1c01bbd47fc00a2c39e90264f33305004495a9","hash":"c40fff41a85f399bffbc9f0768c469b72874e253"}
,"C:\\Users\\nacho\\Desktop\\Proyectos\\business-manager\\backoffice-backend\\src\\controllers\\sales.js": {"path":"C:\\Users\\nacho\\Desktop\\Proyectos\\business-manager\\backoffice-backend\\src\\controllers\\sales.js","statementMap":{"0":{"start":{"line":7,"column":15},"end":{"line":13,"column":1}},"1":{"start":{"line":8,"column":2},"end":{"line":12,"column":3}},"2":{"start":{"line":9,"column":4},"end":{"line":9,"column":61}},"3":{"start":{"line":11,"column":4},"end":{"line":11,"column":16}},"4":{"start":{"line":15,"column":15},"end":{"line":23,"column":1}},"5":{"start":{"line":16,"column":2},"end":{"line":22,"column":3}},"6":{"start":{"line":17,"column":21},"end":{"line":17,"column":24}},"7":{"start":{"line":18,"column":30},"end":{"line":18,"column":85}},"8":{"start":{"line":19,"column":4},"end":{"line":19,"column":123}},"9":{"start":{"line":21,"column":4},"end":{"line":21,"column":16}},"10":{"start":{"line":25,"column":19},"end":{"line":31,"column":1}},"11":{"start":{"line":26,"column":2},"end":{"line":30,"column":3}},"12":{"start":{"line":27,"column":4},"end":{"line":27,"column":68}},"13":{"start":{"line":29,"column":4},"end":{"line":29,"column":16}},"14":{"start":{"line":33,"column":24},"end":{"line":40,"column":1}},"15":{"start":{"line":34,"column":2},"end":{"line":39,"column":3}},"16":{"start":{"line":35,"column":24},"end":{"line":35,"column":62}},"17":{"start":{"line":36,"column":4},"end":{"line":36,"column":44}},"18":{"start":{"line":38,"column":4},"end":{"line":38,"column":16}}},"fnMap":{"0":{"name":"(anonymous_0)","decl":{"start":{"line":7,"column":15},"end":{"line":7,"column":16}},"loc":{"start":{"line":7,"column":41},"end":{"line":13,"column":1}},"line":7},"1":{"name":"(anonymous_1)","decl":{"start":{"line":15,"column":15},"end":{"line":15,"column":16}},"loc":{"start":{"line":15,"column":41},"end":{"line":23,"column":1}},"line":15},"2":{"name":"(anonymous_2)","decl":{"start":{"line":25,"column":19},"end":{"line":25,"column":20}},"loc":{"start":{"line":25,"column":45},"end":{"line":31,"column":1}},"line":25},"3":{"name":"(anonymous_3)","decl":{"start":{"line":33,"column":24},"end":{"line":33,"column":25}},"loc":{"start":{"line":33,"column":50},"end":{"line":40,"column":1}},"line":33}},"branchMap":{},"s":{"0":2,"1":0,"2":0,"3":0,"4":2,"5":0,"6":0,"7":0,"8":0,"9":0,"10":2,"11":0,"12":0,"13":0,"14":2,"15":0,"16":0,"17":0,"18":0},"f":{"0":0,"1":0,"2":0,"3":0},"b":{},"_coverageSchema":"1a1c01bbd47fc00a2c39e90264f33305004495a9","hash":"ae538b9f55e5076dd3de6f5f022634a7400f87c6"}
,"C:\\Users\\nacho\\Desktop\\Proyectos\\business-manager\\backoffice-backend\\src\\controllers\\sessions.js": {"path":"C:\\Users\\nacho\\Desktop\\Proyectos\\business-manager\\backoffice-backend\\src\\controllers\\sessions.js","statementMap":{"0":{"start":{"line":6,"column":21},"end":{"line":17,"column":1}},"1":{"start":{"line":7,"column":2},"end":{"line":16,"column":3}},"2":{"start":{"line":8,"column":17},"end":{"line":8,"column":38}},"3":{"start":{"line":9,"column":29},"end":{"line":9,"column":39}},"4":{"start":{"line":10,"column":20},"end":{"line":10,"column":53}},"5":{"start":{"line":11,"column":26},"end":{"line":11,"column":102}},"6":{"start":{"line":12,"column":4},"end":{"line":12,"column":62}},"7":{"start":{"line":13,"column":4},"end":{"line":13,"column":41}},"8":{"start":{"line":15,"column":4},"end":{"line":15,"column":16}},"9":{"start":{"line":19,"column":18},"end":{"line":26,"column":1}},"10":{"start":{"line":20,"column":2},"end":{"line":25,"column":3}},"11":{"start":{"line":21,"column":17},"end":{"line":21,"column":38}},"12":{"start":{"line":22,"column":4},"end":{"line":22,"column":41}},"13":{"start":{"line":24,"column":4},"end":{"line":24,"column":16}},"14":{"start":{"line":28,"column":19},"end":{"line":35,"column":1}},"15":{"start":{"line":29,"column":2},"end":{"line":34,"column":3}},"16":{"start":{"line":30,"column":4},"end":{"line":30,"column":26}},"17":{"start":{"line":31,"column":4},"end":{"line":31,"column":50}},"18":{"start":{"line":33,"column":4},"end":{"line":33,"column":16}},"19":{"start":{"line":37,"column":21},"end":{"line":44,"column":1}},"20":{"start":{"line":38,"column":2},"end":{"line":43,"column":3}},"21":{"start":{"line":39,"column":17},"end":{"line":39,"column":38}},"22":{"start":{"line":40,"column":4},"end":{"line":40,"column":41}},"23":{"start":{"line":42,"column":4},"end":{"line":42,"column":16}}},"fnMap":{"0":{"name":"(anonymous_0)","decl":{"start":{"line":6,"column":21},"end":{"line":6,"column":22}},"loc":{"start":{"line":6,"column":47},"end":{"line":17,"column":1}},"line":6},"1":{"name":"(anonymous_1)","decl":{"start":{"line":19,"column":18},"end":{"line":19,"column":19}},"loc":{"start":{"line":19,"column":44},"end":{"line":26,"column":1}},"line":19},"2":{"name":"(anonymous_2)","decl":{"start":{"line":28,"column":19},"end":{"line":28,"column":20}},"loc":{"start":{"line":28,"column":45},"end":{"line":35,"column":1}},"line":28},"3":{"name":"(anonymous_3)","decl":{"start":{"line":37,"column":21},"end":{"line":37,"column":22}},"loc":{"start":{"line":37,"column":47},"end":{"line":44,"column":1}},"line":37}},"branchMap":{},"s":{"0":2,"1":0,"2":0,"3":0,"4":0,"5":0,"6":0,"7":0,"8":0,"9":2,"10":2,"11":2,"12":2,"13":0,"14":2,"15":0,"16":0,"17":0,"18":0,"19":2,"20":0,"21":0,"22":0,"23":0},"f":{"0":0,"1":2,"2":0,"3":0},"b":{},"_coverageSchema":"1a1c01bbd47fc00a2c39e90264f33305004495a9","hash":"e82f4d7f0b4ff871e4a0ad1d29277b9b1e734992"}
,"C:\\Users\\nacho\\Desktop\\Proyectos\\business-manager\\backoffice-backend\\src\\controllers\\users.js": {"path":"C:\\Users\\nacho\\Desktop\\Proyectos\\business-manager\\backoffice-backend\\src\\controllers\\users.js","statementMap":{"0":{"start":{"line":4,"column":15},"end":{"line":10,"column":1}},"1":{"start":{"line":5,"column":2},"end":{"line":9,"column":3}},"2":{"start":{"line":6,"column":4},"end":{"line":6,"column":61}},"3":{"start":{"line":8,"column":4},"end":{"line":8,"column":16}},"4":{"start":{"line":12,"column":24},"end":{"line":20,"column":1}},"5":{"start":{"line":13,"column":2},"end":{"line":19,"column":3}},"6":{"start":{"line":14,"column":19},"end":{"line":14,"column":29}},"7":{"start":{"line":15,"column":32},"end":{"line":15,"column":70}},"8":{"start":{"line":16,"column":4},"end":{"line":16,"column":34}},"9":{"start":{"line":18,"column":4},"end":{"line":18,"column":16}}},"fnMap":{"0":{"name":"(anonymous_0)","decl":{"start":{"line":4,"column":15},"end":{"line":4,"column":16}},"loc":{"start":{"line":4,"column":35},"end":{"line":10,"column":1}},"line":4},"1":{"name":"(anonymous_1)","decl":{"start":{"line":12,"column":24},"end":{"line":12,"column":25}},"loc":{"start":{"line":12,"column":44},"end":{"line":20,"column":1}},"line":12}},"branchMap":{},"s":{"0":2,"1":0,"2":0,"3":0,"4":2,"5":0,"6":0,"7":0,"8":0,"9":0},"f":{"0":0,"1":0},"b":{},"_coverageSchema":"1a1c01bbd47fc00a2c39e90264f33305004495a9","hash":"9a1dff158ca481c06cd23b715a9f534307e177f5"}
,"C:\\Users\\nacho\\Desktop\\Proyectos\\business-manager\\backoffice-backend\\src\\dao\\dto\\user.js": {"path":"C:\\Users\\nacho\\Desktop\\Proyectos\\business-manager\\backoffice-backend\\src\\dao\\dto\\user.js","statementMap":{"0":{"start":{"line":3,"column":4},"end":{"line":3,"column":34}},"1":{"start":{"line":4,"column":4},"end":{"line":4,"column":28}},"2":{"start":{"line":5,"column":4},"end":{"line":5,"column":38}},"3":{"start":{"line":6,"column":4},"end":{"line":6,"column":36}},"4":{"start":{"line":7,"column":4},"end":{"line":7,"column":26}},"5":{"start":{"line":8,"column":4},"end":{"line":8,"column":38}}},"fnMap":{"0":{"name":"(anonymous_0)","decl":{"start":{"line":2,"column":2},"end":{"line":2,"column":3}},"loc":{"start":{"line":2,"column":20},"end":{"line":9,"column":3}},"line":2}},"branchMap":{},"s":{"0":2,"1":2,"2":2,"3":2,"4":2,"5":2},"f":{"0":2},"b":{},"_coverageSchema":"1a1c01bbd47fc00a2c39e90264f33305004495a9","hash":"a62b2aa9d3ce288b6f70d393f5d8266062e7cd53"}
,"C:\\Users\\nacho\\Desktop\\Proyectos\\business-manager\\backoffice-backend\\src\\dao\\mysql\\balances.js": {"path":"C:\\Users\\nacho\\Desktop\\Proyectos\\business-manager\\backoffice-backend\\src\\dao\\mysql\\balances.js","statementMap":{"0":{"start":{"line":7,"column":4},"end":{"line":12,"column":5}},"1":{"start":{"line":8,"column":25},"end":{"line":8,"column":241}},"2":{"start":{"line":9,"column":6},"end":{"line":9,"column":35}},"3":{"start":{"line":11,"column":6},"end":{"line":11,"column":154}},"4":{"start":{"line":15,"column":4},"end":{"line":20,"column":5}},"5":{"start":{"line":16,"column":27},"end":{"line":16,"column":142}},"6":{"start":{"line":17,"column":6},"end":{"line":17,"column":37}},"7":{"start":{"line":19,"column":6},"end":{"line":19,"column":154}},"8":{"start":{"line":23,"column":21},"end":{"line":23,"column":39}},"9":{"start":{"line":24,"column":4},"end":{"line":30,"column":5}},"10":{"start":{"line":25,"column":6},"end":{"line":25,"column":39}},"11":{"start":{"line":26,"column":26},"end":{"line":26,"column":152}},"12":{"start":{"line":27,"column":6},"end":{"line":27,"column":36}},"13":{"start":{"line":29,"column":6},"end":{"line":29,"column":154}}},"fnMap":{"0":{"name":"(anonymous_0)","decl":{"start":{"line":6,"column":2},"end":{"line":6,"column":3}},"loc":{"start":{"line":6,"column":24},"end":{"line":13,"column":3}},"line":6},"1":{"name":"(anonymous_1)","decl":{"start":{"line":14,"column":2},"end":{"line":14,"column":3}},"loc":{"start":{"line":14,"column":59},"end":{"line":21,"column":3}},"line":14},"2":{"name":"(anonymous_2)","decl":{"start":{"line":22,"column":2},"end":{"line":22,"column":3}},"loc":{"start":{"line":22,"column":63},"end":{"line":31,"column":3}},"line":22}},"branchMap":{"0":{"loc":{"start":{"line":11,"column":12},"end":{"line":11,"column":153}},"type":"cond-expr","locations":[{"start":{"line":11,"column":31},"end":{"line":11,"column":83}},{"start":{"line":11,"column":86},"end":{"line":11,"column":153}}],"line":11},"1":{"loc":{"start":{"line":14,"column":37},"end":{"line":14,"column":55}},"type":"default-arg","locations":[{"start":{"line":14,"column":54},"end":{"line":14,"column":55}}],"line":14},"2":{"loc":{"start":{"line":19,"column":12},"end":{"line":19,"column":153}},"type":"cond-expr","locations":[{"start":{"line":19,"column":31},"end":{"line":19,"column":83}},{"start":{"line":19,"column":86},"end":{"line":19,"column":153}}],"line":19},"3":{"loc":{"start":{"line":23,"column":21},"end":{"line":23,"column":39}},"type":"binary-expr","locations":[{"start":{"line":23,"column":21},"end":{"line":23,"column":31}},{"start":{"line":23,"column":35},"end":{"line":23,"column":39}}],"line":23},"4":{"loc":{"start":{"line":29,"column":12},"end":{"line":29,"column":153}},"type":"cond-expr","locations":[{"start":{"line":29,"column":31},"end":{"line":29,"column":83}},{"start":{"line":29,"column":86},"end":{"line":29,"column":153}}],"line":29}},"s":{"0":0,"1":0,"2":0,"3":0,"4":3,"5":3,"6":3,"7":0,"8":0,"9":0,"10":0,"11":0,"12":0,"13":0},"f":{"0":0,"1":3,"2":0},"b":{"0":[0,0],"1":[3],"2":[0,0],"3":[0,0],"4":[0,0]},"_coverageSchema":"1a1c01bbd47fc00a2c39e90264f33305004495a9","hash":"282deb1a0d91eebddf6602a344c0fca24d2a2516"}
,"C:\\Users\\nacho\\Desktop\\Proyectos\\business-manager\\backoffice-backend\\src\\dao\\mysql\\costumers.js": {"path":"C:\\Users\\nacho\\Desktop\\Proyectos\\business-manager\\backoffice-backend\\src\\dao\\mysql\\costumers.js","statementMap":{"0":{"start":{"line":8,"column":4},"end":{"line":13,"column":5}},"1":{"start":{"line":9,"column":26},"end":{"line":9,"column":110}},"2":{"start":{"line":10,"column":6},"end":{"line":10,"column":36}},"3":{"start":{"line":12,"column":6},"end":{"line":12,"column":154}},"4":{"start":{"line":17,"column":4},"end":{"line":22,"column":5}},"5":{"start":{"line":18,"column":27},"end":{"line":18,"column":91}},"6":{"start":{"line":19,"column":6},"end":{"line":19,"column":35}},"7":{"start":{"line":21,"column":6},"end":{"line":21,"column":154}},"8":{"start":{"line":25,"column":4},"end":{"line":30,"column":5}},"9":{"start":{"line":26,"column":6},"end":{"line":26,"column":184}},"10":{"start":{"line":27,"column":6},"end":{"line":27,"column":31}},"11":{"start":{"line":29,"column":6},"end":{"line":29,"column":154}},"12":{"start":{"line":33,"column":4},"end":{"line":38,"column":5}},"13":{"start":{"line":34,"column":32},"end":{"line":34,"column":123}},"14":{"start":{"line":35,"column":6},"end":{"line":35,"column":42}},"15":{"start":{"line":37,"column":6},"end":{"line":37,"column":154}},"16":{"start":{"line":41,"column":4},"end":{"line":47,"column":5}},"17":{"start":{"line":42,"column":28},"end":{"line":42,"column":246}},"18":{"start":{"line":43,"column":6},"end":{"line":43,"column":74}},"19":{"start":{"line":44,"column":6},"end":{"line":44,"column":38}},"20":{"start":{"line":46,"column":6},"end":{"line":46,"column":154}},"21":{"start":{"line":51,"column":4},"end":{"line":56,"column":5}},"22":{"start":{"line":52,"column":26},"end":{"line":52,"column":103}},"23":{"start":{"line":53,"column":6},"end":{"line":53,"column":49}},"24":{"start":{"line":55,"column":6},"end":{"line":55,"column":154}}},"fnMap":{"0":{"name":"(anonymous_0)","decl":{"start":{"line":7,"column":2},"end":{"line":7,"column":3}},"loc":{"start":{"line":7,"column":24},"end":{"line":14,"column":3}},"line":7},"1":{"name":"(anonymous_1)","decl":{"start":{"line":16,"column":2},"end":{"line":16,"column":3}},"loc":{"start":{"line":16,"column":27},"end":{"line":23,"column":3}},"line":16},"2":{"name":"(anonymous_2)","decl":{"start":{"line":24,"column":2},"end":{"line":24,"column":3}},"loc":{"start":{"line":24,"column":32},"end":{"line":31,"column":3}},"line":24},"3":{"name":"(anonymous_3)","decl":{"start":{"line":32,"column":2},"end":{"line":32,"column":3}},"loc":{"start":{"line":32,"column":26},"end":{"line":39,"column":3}},"line":32},"4":{"name":"(anonymous_4)","decl":{"start":{"line":40,"column":2},"end":{"line":40,"column":3}},"loc":{"start":{"line":40,"column":28},"end":{"line":48,"column":3}},"line":40},"5":{"name":"(anonymous_5)","decl":{"start":{"line":50,"column":2},"end":{"line":50,"column":3}},"loc":{"start":{"line":50,"column":38},"end":{"line":57,"column":3}},"line":50}},"branchMap":{"0":{"loc":{"start":{"line":12,"column":12},"end":{"line":12,"column":153}},"type":"cond-expr","locations":[{"start":{"line":12,"column":31},"end":{"line":12,"column":83}},{"start":{"line":12,"column":86},"end":{"line":12,"column":153}}],"line":12},"1":{"loc":{"start":{"line":21,"column":12},"end":{"line":21,"column":153}},"type":"cond-expr","locations":[{"start":{"line":21,"column":31},"end":{"line":21,"column":83}},{"start":{"line":21,"column":86},"end":{"line":21,"column":153}}],"line":21},"2":{"loc":{"start":{"line":29,"column":12},"end":{"line":29,"column":153}},"type":"cond-expr","locations":[{"start":{"line":29,"column":31},"end":{"line":29,"column":83}},{"start":{"line":29,"column":86},"end":{"line":29,"column":153}}],"line":29},"3":{"loc":{"start":{"line":37,"column":12},"end":{"line":37,"column":153}},"type":"cond-expr","locations":[{"start":{"line":37,"column":31},"end":{"line":37,"column":83}},{"start":{"line":37,"column":86},"end":{"line":37,"column":153}}],"line":37},"4":{"loc":{"start":{"line":42,"column":167},"end":{"line":42,"column":215}},"type":"binary-expr","locations":[{"start":{"line":42,"column":167},"end":{"line":42,"column":176}},{"start":{"line":42,"column":180},"end":{"line":42,"column":215}}],"line":42},"5":{"loc":{"start":{"line":42,"column":217},"end":{"line":42,"column":244}},"type":"binary-expr","locations":[{"start":{"line":42,"column":217},"end":{"line":42,"column":236}},{"start":{"line":42,"column":240},"end":{"line":42,"column":244}}],"line":42},"6":{"loc":{"start":{"line":46,"column":12},"end":{"line":46,"column":153}},"type":"cond-expr","locations":[{"start":{"line":46,"column":31},"end":{"line":46,"column":83}},{"start":{"line":46,"column":86},"end":{"line":46,"column":153}}],"line":46},"7":{"loc":{"start":{"line":55,"column":12},"end":{"line":55,"column":153}},"type":"cond-expr","locations":[{"start":{"line":55,"column":31},"end":{"line":55,"column":83}},{"start":{"line":55,"column":86},"end":{"line":55,"column":153}}],"line":55}},"s":{"0":3,"1":3,"2":3,"3":0,"4":2,"5":2,"6":2,"7":0,"8":1,"9":1,"10":1,"11":0,"12":2,"13":2,"14":2,"15":0,"16":3,"17":3,"18":3,"19":3,"20":0,"21":0,"22":0,"23":0,"24":0},"f":{"0":3,"1":2,"2":1,"3":2,"4":3,"5":0},"b":{"0":[0,0],"1":[0,0],"2":[0,0],"3":[0,0],"4":[3,3],"5":[3,3],"6":[0,0],"7":[0,0]},"_coverageSchema":"1a1c01bbd47fc00a2c39e90264f33305004495a9","hash":"e5f4c8855f61fa226903ef7f542374c48d13ac5b"}
,"C:\\Users\\nacho\\Desktop\\Proyectos\\business-manager\\backoffice-backend\\src\\dao\\mysql\\movements.js": {"path":"C:\\Users\\nacho\\Desktop\\Proyectos\\business-manager\\backoffice-backend\\src\\dao\\mysql\\movements.js","statementMap":{"0":{"start":{"line":10,"column":4},"end":{"line":33,"column":5}},"1":{"start":{"line":11,"column":6},"end":{"line":11,"column":46}},"2":{"start":{"line":12,"column":26},"end":{"line":23,"column":7}},"3":{"start":{"line":24,"column":36},"end":{"line":24,"column":70}},"4":{"start":{"line":25,"column":6},"end":{"line":25,"column":63}},"5":{"start":{"line":25,"column":21},"end":{"line":25,"column":63}},"6":{"start":{"line":26,"column":22},"end":{"line":26,"column":76}},"7":{"start":{"line":26,"column":60},"end":{"line":26,"column":72}},"8":{"start":{"line":27,"column":6},"end":{"line":27,"column":59}},"9":{"start":{"line":29,"column":6},"end":{"line":29,"column":52}},"10":{"start":{"line":29,"column":40},"end":{"line":29,"column":52}},"11":{"start":{"line":30,"column":6},"end":{"line":30,"column":154}},"12":{"start":{"line":32,"column":6},"end":{"line":32,"column":43}},"13":{"start":{"line":32,"column":22},"end":{"line":32,"column":43}}},"fnMap":{"0":{"name":"(anonymous_0)","decl":{"start":{"line":8,"column":2},"end":{"line":8,"column":3}},"loc":{"start":{"line":8,"column":27},"end":{"line":34,"column":3}},"line":8},"1":{"name":"(anonymous_1)","decl":{"start":{"line":26,"column":39},"end":{"line":26,"column":40}},"loc":{"start":{"line":26,"column":60},"end":{"line":26,"column":72}},"line":26}},"branchMap":{"0":{"loc":{"start":{"line":25,"column":6},"end":{"line":25,"column":63}},"type":"if","locations":[{"start":{"line":25,"column":6},"end":{"line":25,"column":63}},{"start":{},"end":{}}],"line":25},"1":{"loc":{"start":{"line":29,"column":6},"end":{"line":29,"column":52}},"type":"if","locations":[{"start":{"line":29,"column":6},"end":{"line":29,"column":52}},{"start":{},"end":{}}],"line":29},"2":{"loc":{"start":{"line":30,"column":12},"end":{"line":30,"column":153}},"type":"cond-expr","locations":[{"start":{"line":30,"column":31},"end":{"line":30,"column":83}},{"start":{"line":30,"column":86},"end":{"line":30,"column":153}}],"line":30},"3":{"loc":{"start":{"line":32,"column":6},"end":{"line":32,"column":43}},"type":"if","locations":[{"start":{"line":32,"column":6},"end":{"line":32,"column":43}},{"start":{},"end":{}}],"line":32}},"s":{"0":0,"1":0,"2":0,"3":0,"4":0,"5":0,"6":0,"7":0,"8":0,"9":0,"10":0,"11":0,"12":0,"13":0},"f":{"0":0,"1":0},"b":{"0":[0,0],"1":[0,0],"2":[0,0],"3":[0,0]},"_coverageSchema":"1a1c01bbd47fc00a2c39e90264f33305004495a9","hash":"c20717162eefca80996cfacc0cf8968f9a348823"}
,"C:\\Users\\nacho\\Desktop\\Proyectos\\business-manager\\backoffice-backend\\src\\dao\\mysql\\orders.js": {"path":"C:\\Users\\nacho\\Desktop\\Proyectos\\business-manager\\backoffice-backend\\src\\dao\\mysql\\orders.js","statementMap":{"0":{"start":{"line":9,"column":4},"end":{"line":14,"column":5}},"1":{"start":{"line":10,"column":23},"end":{"line":10,"column":266}},"2":{"start":{"line":11,"column":6},"end":{"line":11,"column":33}},"3":{"start":{"line":13,"column":6},"end":{"line":13,"column":154}},"4":{"start":{"line":18,"column":21},"end":{"line":18,"column":39}},"5":{"start":{"line":19,"column":4},"end":{"line":24,"column":5}},"6":{"start":{"line":20,"column":24},"end":{"line":20,"column":90}},"7":{"start":{"line":21,"column":6},"end":{"line":21,"column":32}},"8":{"start":{"line":23,"column":6},"end":{"line":23,"column":154}},"9":{"start":{"line":28,"column":4},"end":{"line":34,"column":5}},"10":{"start":{"line":29,"column":23},"end":{"line":29,"column":41}},"11":{"start":{"line":30,"column":23},"end":{"line":30,"column":309}},"12":{"start":{"line":31,"column":6},"end":{"line":31,"column":33}},"13":{"start":{"line":33,"column":6},"end":{"line":33,"column":154}},"14":{"start":{"line":39,"column":4},"end":{"line":55,"column":5}},"15":{"start":{"line":40,"column":6},"end":{"line":40,"column":46}},"16":{"start":{"line":41,"column":6},"end":{"line":41,"column":42}},"17":{"start":{"line":42,"column":33},"end":{"line":42,"column":55}},"18":{"start":{"line":43,"column":29},"end":{"line":43,"column":262}},"19":{"start":{"line":44,"column":6},"end":{"line":44,"column":67}},"20":{"start":{"line":45,"column":6},"end":{"line":45,"column":109}},"21":{"start":{"line":46,"column":6},"end":{"line":46,"column":71}},"22":{"start":{"line":48,"column":6},"end":{"line":48,"column":32}},"23":{"start":{"line":49,"column":6},"end":{"line":49,"column":39}},"24":{"start":{"line":51,"column":6},"end":{"line":51,"column":44}},"25":{"start":{"line":51,"column":22},"end":{"line":51,"column":44}},"26":{"start":{"line":52,"column":6},"end":{"line":52,"column":129}},"27":{"start":{"line":54,"column":6},"end":{"line":54,"column":43}},"28":{"start":{"line":54,"column":22},"end":{"line":54,"column":43}},"29":{"start":{"line":60,"column":4},"end":{"line":83,"column":5}},"30":{"start":{"line":61,"column":6},"end":{"line":61,"column":60}},"31":{"start":{"line":62,"column":6},"end":{"line":62,"column":40}},"32":{"start":{"line":63,"column":60},"end":{"line":63,"column":159}},"33":{"start":{"line":64,"column":29},"end":{"line":64,"column":92}},"34":{"start":{"line":65,"column":34},"end":{"line":65,"column":80}},"35":{"start":{"line":66,"column":34},"end":{"line":66,"column":111}},"36":{"start":{"line":67,"column":6},"end":{"line":74,"column":7}},"37":{"start":{"line":68,"column":8},"end":{"line":68,"column":53}},"38":{"start":{"line":69,"column":8},"end":{"line":69,"column":81}},"39":{"start":{"line":71,"column":8},"end":{"line":71,"column":231}},"40":{"start":{"line":72,"column":8},"end":{"line":72,"column":66}},"41":{"start":{"line":73,"column":8},"end":{"line":73,"column":81}},"42":{"start":{"line":75,"column":6},"end":{"line":75,"column":75}},"43":{"start":{"line":76,"column":6},"end":{"line":76,"column":30}},"44":{"start":{"line":77,"column":6},"end":{"line":77,"column":39}},"45":{"start":{"line":79,"column":6},"end":{"line":79,"column":55}},"46":{"start":{"line":79,"column":35},"end":{"line":79,"column":55}},"47":{"start":{"line":80,"column":6},"end":{"line":80,"column":154}},"48":{"start":{"line":82,"column":6},"end":{"line":82,"column":54}},"49":{"start":{"line":82,"column":35},"end":{"line":82,"column":54}},"50":{"start":{"line":88,"column":4},"end":{"line":102,"column":5}},"51":{"start":{"line":89,"column":6},"end":{"line":89,"column":60}},"52":{"start":{"line":90,"column":6},"end":{"line":90,"column":57}},"53":{"start":{"line":90,"column":23},"end":{"line":90,"column":57}},"54":{"start":{"line":91,"column":28},"end":{"line":91,"column":112}},"55":{"start":{"line":92,"column":6},"end":{"line":92,"column":104}},"56":{"start":{"line":92,"column":37},"end":{"line":92,"column":104}},"57":{"start":{"line":93,"column":6},"end":{"line":93,"column":198}},"58":{"start":{"line":94,"column":6},"end":{"line":94,"column":92}},"59":{"start":{"line":95,"column":6},"end":{"line":95,"column":47}},"60":{"start":{"line":95,"column":23},"end":{"line":95,"column":47}},"61":{"start":{"line":96,"column":6},"end":{"line":96,"column":43}},"62":{"start":{"line":98,"column":6},"end":{"line":98,"column":61}},"63":{"start":{"line":98,"column":35},"end":{"line":98,"column":61}},"64":{"start":{"line":99,"column":6},"end":{"line":99,"column":129}},"65":{"start":{"line":101,"column":6},"end":{"line":101,"column":54}},"66":{"start":{"line":101,"column":35},"end":{"line":101,"column":54}},"67":{"start":{"line":106,"column":4},"end":{"line":111,"column":5}},"68":{"start":{"line":107,"column":23},"end":{"line":107,"column":119}},"69":{"start":{"line":108,"column":6},"end":{"line":108,"column":33}},"70":{"start":{"line":110,"column":6},"end":{"line":110,"column":129}},"71":{"start":{"line":115,"column":4},"end":{"line":124,"column":5}},"72":{"start":{"line":116,"column":6},"end":{"line":116,"column":60}},"73":{"start":{"line":117,"column":27},"end":{"line":117,"column":111}},"74":{"start":{"line":118,"column":23},"end":{"line":118,"column":123}},"75":{"start":{"line":119,"column":6},"end":{"line":119,"column":33}},"76":{"start":{"line":121,"column":6},"end":{"line":121,"column":129}},"77":{"start":{"line":123,"column":6},"end":{"line":123,"column":42}},"78":{"start":{"line":123,"column":23},"end":{"line":123,"column":42}}},"fnMap":{"0":{"name":"(anonymous_0)","decl":{"start":{"line":8,"column":2},"end":{"line":8,"column":3}},"loc":{"start":{"line":8,"column":24},"end":{"line":15,"column":3}},"line":8},"1":{"name":"(anonymous_1)","decl":{"start":{"line":17,"column":2},"end":{"line":17,"column":3}},"loc":{"start":{"line":17,"column":39},"end":{"line":25,"column":3}},"line":17},"2":{"name":"(anonymous_2)","decl":{"start":{"line":27,"column":2},"end":{"line":27,"column":3}},"loc":{"start":{"line":27,"column":53},"end":{"line":35,"column":3}},"line":27},"3":{"name":"(anonymous_3)","decl":{"start":{"line":37,"column":2},"end":{"line":37,"column":3}},"loc":{"start":{"line":37,"column":32},"end":{"line":56,"column":3}},"line":37},"4":{"name":"(anonymous_4)","decl":{"start":{"line":58,"column":2},"end":{"line":58,"column":3}},"loc":{"start":{"line":58,"column":38},"end":{"line":84,"column":3}},"line":58},"5":{"name":"(anonymous_5)","decl":{"start":{"line":86,"column":2},"end":{"line":86,"column":3}},"loc":{"start":{"line":86,"column":40},"end":{"line":103,"column":3}},"line":86},"6":{"name":"(anonymous_6)","decl":{"start":{"line":105,"column":2},"end":{"line":105,"column":3}},"loc":{"start":{"line":105,"column":48},"end":{"line":112,"column":3}},"line":105},"7":{"name":"(anonymous_7)","decl":{"start":{"line":113,"column":2},"end":{"line":113,"column":3}},"loc":{"start":{"line":113,"column":60},"end":{"line":125,"column":3}},"line":113}},"branchMap":{"0":{"loc":{"start":{"line":13,"column":12},"end":{"line":13,"column":153}},"type":"cond-expr","locations":[{"start":{"line":13,"column":31},"end":{"line":13,"column":83}},{"start":{"line":13,"column":86},"end":{"line":13,"column":153}}],"line":13},"1":{"loc":{"start":{"line":18,"column":21},"end":{"line":18,"column":39}},"type":"binary-expr","locations":[{"start":{"line":18,"column":21},"end":{"line":18,"column":31}},{"start":{"line":18,"column":35},"end":{"line":18,"column":39}}],"line":18},"2":{"loc":{"start":{"line":23,"column":12},"end":{"line":23,"column":153}},"type":"cond-expr","locations":[{"start":{"line":23,"column":31},"end":{"line":23,"column":83}},{"start":{"line":23,"column":86},"end":{"line":23,"column":153}}],"line":23},"3":{"loc":{"start":{"line":29,"column":23},"end":{"line":29,"column":41}},"type":"binary-expr","locations":[{"start":{"line":29,"column":23},"end":{"line":29,"column":33}},{"start":{"line":29,"column":37},"end":{"line":29,"column":41}}],"line":29},"4":{"loc":{"start":{"line":33,"column":12},"end":{"line":33,"column":153}},"type":"cond-expr","locations":[{"start":{"line":33,"column":31},"end":{"line":33,"column":83}},{"start":{"line":33,"column":86},"end":{"line":33,"column":153}}],"line":33},"5":{"loc":{"start":{"line":51,"column":6},"end":{"line":51,"column":44}},"type":"if","locations":[{"start":{"line":51,"column":6},"end":{"line":51,"column":44}},{"start":{},"end":{}}],"line":51},"6":{"loc":{"start":{"line":52,"column":12},"end":{"line":52,"column":128}},"type":"cond-expr","locations":[{"start":{"line":52,"column":31},"end":{"line":52,"column":83}},{"start":{"line":52,"column":86},"end":{"line":52,"column":128}}],"line":52},"7":{"loc":{"start":{"line":54,"column":6},"end":{"line":54,"column":43}},"type":"if","locations":[{"start":{"line":54,"column":6},"end":{"line":54,"column":43}},{"start":{},"end":{}}],"line":54},"8":{"loc":{"start":{"line":61,"column":17},"end":{"line":61,"column":59}},"type":"binary-expr","locations":[{"start":{"line":61,"column":17},"end":{"line":61,"column":27}},{"start":{"line":61,"column":32},"end":{"line":61,"column":58}}],"line":61},"9":{"loc":{"start":{"line":67,"column":6},"end":{"line":74,"column":7}},"type":"if","locations":[{"start":{"line":67,"column":6},"end":{"line":74,"column":7}},{"start":{"line":70,"column":13},"end":{"line":74,"column":7}}],"line":67},"10":{"loc":{"start":{"line":79,"column":6},"end":{"line":79,"column":55}},"type":"if","locations":[{"start":{"line":79,"column":6},"end":{"line":79,"column":55}},{"start":{},"end":{}}],"line":79},"11":{"loc":{"start":{"line":79,"column":10},"end":{"line":79,"column":33}},"type":"binary-expr","locations":[{"start":{"line":79,"column":10},"end":{"line":79,"column":21}},{"start":{"line":79,"column":25},"end":{"line":79,"column":33}}],"line":79},"12":{"loc":{"start":{"line":80,"column":12},"end":{"line":80,"column":153}},"type":"cond-expr","locations":[{"start":{"line":80,"column":31},"end":{"line":80,"column":83}},{"start":{"line":80,"column":86},"end":{"line":80,"column":153}}],"line":80},"13":{"loc":{"start":{"line":82,"column":6},"end":{"line":82,"column":54}},"type":"if","locations":[{"start":{"line":82,"column":6},"end":{"line":82,"column":54}},{"start":{},"end":{}}],"line":82},"14":{"loc":{"start":{"line":82,"column":10},"end":{"line":82,"column":33}},"type":"binary-expr","locations":[{"start":{"line":82,"column":10},"end":{"line":82,"column":21}},{"start":{"line":82,"column":25},"end":{"line":82,"column":33}}],"line":82},"15":{"loc":{"start":{"line":89,"column":17},"end":{"line":89,"column":59}},"type":"binary-expr","locations":[{"start":{"line":89,"column":17},"end":{"line":89,"column":27}},{"start":{"line":89,"column":32},"end":{"line":89,"column":58}}],"line":89},"16":{"loc":{"start":{"line":90,"column":6},"end":{"line":90,"column":57}},"type":"if","locations":[{"start":{"line":90,"column":6},"end":{"line":90,"column":57}},{"start":{},"end":{}}],"line":90},"17":{"loc":{"start":{"line":92,"column":6},"end":{"line":92,"column":104}},"type":"if","locations":[{"start":{"line":92,"column":6},"end":{"line":92,"column":104}},{"start":{},"end":{}}],"line":92},"18":{"loc":{"start":{"line":95,"column":6},"end":{"line":95,"column":47}},"type":"if","locations":[{"start":{"line":95,"column":6},"end":{"line":95,"column":47}},{"start":{},"end":{}}],"line":95},"19":{"loc":{"start":{"line":98,"column":6},"end":{"line":98,"column":61}},"type":"if","locations":[{"start":{"line":98,"column":6},"end":{"line":98,"column":61}},{"start":{},"end":{}}],"line":98},"20":{"loc":{"start":{"line":98,"column":10},"end":{"line":98,"column":33}},"type":"binary-expr","locations":[{"start":{"line":98,"column":10},"end":{"line":98,"column":21}},{"start":{"line":98,"column":25},"end":{"line":98,"column":33}}],"line":98},"21":{"loc":{"start":{"line":99,"column":12},"end":{"line":99,"column":128}},"type":"cond-expr","locations":[{"start":{"line":99,"column":31},"end":{"line":99,"column":83}},{"start":{"line":99,"column":86},"end":{"line":99,"column":128}}],"line":99},"22":{"loc":{"start":{"line":101,"column":6},"end":{"line":101,"column":54}},"type":"if","locations":[{"start":{"line":101,"column":6},"end":{"line":101,"column":54}},{"start":{},"end":{}}],"line":101},"23":{"loc":{"start":{"line":101,"column":10},"end":{"line":101,"column":33}},"type":"binary-expr","locations":[{"start":{"line":101,"column":10},"end":{"line":101,"column":21}},{"start":{"line":101,"column":25},"end":{"line":101,"column":33}}],"line":101},"24":{"loc":{"start":{"line":110,"column":12},"end":{"line":110,"column":128}},"type":"cond-expr","locations":[{"start":{"line":110,"column":31},"end":{"line":110,"column":83}},{"start":{"line":110,"column":86},"end":{"line":110,"column":128}}],"line":110},"25":{"loc":{"start":{"line":116,"column":17},"end":{"line":116,"column":59}},"type":"binary-expr","locations":[{"start":{"line":116,"column":17},"end":{"line":116,"column":27}},{"start":{"line":116,"column":32},"end":{"line":116,"column":58}}],"line":116},"26":{"loc":{"start":{"line":121,"column":12},"end":{"line":121,"column":128}},"type":"cond-expr","locations":[{"start":{"line":121,"column":31},"end":{"line":121,"column":83}},{"start":{"line":121,"column":86},"end":{"line":121,"column":128}}],"line":121},"27":{"loc":{"start":{"line":123,"column":6},"end":{"line":123,"column":42}},"type":"if","locations":[{"start":{"line":123,"column":6},"end":{"line":123,"column":42}},{"start":{},"end":{}}],"line":123}},"s":{"0":0,"1":0,"2":0,"3":0,"4":0,"5":0,"6":0,"7":0,"8":0,"9":0,"10":0,"11":0,"12":0,"13":0,"14":0,"15":0,"16":0,"17":0,"18":0,"19":0,"20":0,"21":0,"22":0,"23":0,"24":0,"25":0,"26":0,"27":0,"28":0,"29":0,"30":0,"31":0,"32":0,"33":0,"34":0,"35":0,"36":0,"37":0,"38":0,"39":0,"40":0,"41":0,"42":0,"43":0,"44":0,"45":0,"46":0,"47":0,"48":0,"49":0,"50":0,"51":0,"52":0,"53":0,"54":0,"55":0,"56":0,"57":0,"58":0,"59":0,"60":0,"61":0,"62":0,"63":0,"64":0,"65":0,"66":0,"67":0,"68":0,"69":0,"70":0,"71":0,"72":0,"73":0,"74":0,"75":0,"76":0,"77":0,"78":0},"f":{"0":0,"1":0,"2":0,"3":0,"4":0,"5":0,"6":0,"7":0},"b":{"0":[0,0],"1":[0,0],"2":[0,0],"3":[0,0],"4":[0,0],"5":[0,0],"6":[0,0],"7":[0,0],"8":[0,0],"9":[0,0],"10":[0,0],"11":[0,0],"12":[0,0],"13":[0,0],"14":[0,0],"15":[0,0],"16":[0,0],"17":[0,0],"18":[0,0],"19":[0,0],"20":[0,0],"21":[0,0],"22":[0,0],"23":[0,0],"24":[0,0],"25":[0,0],"26":[0,0],"27":[0,0]},"_coverageSchema":"1a1c01bbd47fc00a2c39e90264f33305004495a9","hash":"1ea3a8b17d869db94f8b52e5a3301bb1bdba7190"}
,"C:\\Users\\nacho\\Desktop\\Proyectos\\business-manager\\backoffice-backend\\src\\dao\\mysql\\payments.js": {"path":"C:\\Users\\nacho\\Desktop\\Proyectos\\business-manager\\backoffice-backend\\src\\dao\\mysql\\payments.js","statementMap":{"0":{"start":{"line":8,"column":4},"end":{"line":17,"column":5}},"1":{"start":{"line":9,"column":6},"end":{"line":9,"column":46}},"2":{"start":{"line":10,"column":24},"end":{"line":10,"column":151}},"3":{"start":{"line":11,"column":6},"end":{"line":11,"column":95}},"4":{"start":{"line":12,"column":6},"end":{"line":12,"column":25}},"5":{"start":{"line":14,"column":6},"end":{"line":14,"column":129}},"6":{"start":{"line":16,"column":6},"end":{"line":16,"column":43}},"7":{"start":{"line":16,"column":22},"end":{"line":16,"column":43}}},"fnMap":{"0":{"name":"(anonymous_0)","decl":{"start":{"line":6,"column":2},"end":{"line":6,"column":3}},"loc":{"start":{"line":6,"column":28},"end":{"line":18,"column":3}},"line":6}},"branchMap":{"0":{"loc":{"start":{"line":14,"column":12},"end":{"line":14,"column":128}},"type":"cond-expr","locations":[{"start":{"line":14,"column":31},"end":{"line":14,"column":83}},{"start":{"line":14,"column":86},"end":{"line":14,"column":128}}],"line":14},"1":{"loc":{"start":{"line":16,"column":6},"end":{"line":16,"column":43}},"type":"if","locations":[{"start":{"line":16,"column":6},"end":{"line":16,"column":43}},{"start":{},"end":{}}],"line":16}},"s":{"0":0,"1":0,"2":0,"3":0,"4":0,"5":0,"6":0,"7":0},"f":{"0":0},"b":{"0":[0,0],"1":[0,0]},"_coverageSchema":"1a1c01bbd47fc00a2c39e90264f33305004495a9","hash":"2de28626c084dba65c8ae0d8df80e36926a1cc8e"}
,"C:\\Users\\nacho\\Desktop\\Proyectos\\business-manager\\backoffice-backend\\src\\dao\\mysql\\products.js": {"path":"C:\\Users\\nacho\\Desktop\\Proyectos\\business-manager\\backoffice-backend\\src\\dao\\mysql\\products.js","statementMap":{"0":{"start":{"line":7,"column":4},"end":{"line":12,"column":5}},"1":{"start":{"line":8,"column":25},"end":{"line":8,"column":109}},"2":{"start":{"line":9,"column":6},"end":{"line":9,"column":35}},"3":{"start":{"line":11,"column":6},"end":{"line":11,"column":154}},"4":{"start":{"line":16,"column":4},"end":{"line":21,"column":5}},"5":{"start":{"line":17,"column":26},"end":{"line":17,"column":89}},"6":{"start":{"line":18,"column":6},"end":{"line":18,"column":34}},"7":{"start":{"line":20,"column":6},"end":{"line":20,"column":154}},"8":{"start":{"line":25,"column":4},"end":{"line":36,"column":5}},"9":{"start":{"line":26,"column":6},"end":{"line":26,"column":46}},"10":{"start":{"line":27,"column":6},"end":{"line":27,"column":42}},"11":{"start":{"line":28,"column":24},"end":{"line":28,"column":316}},"12":{"start":{"line":29,"column":6},"end":{"line":29,"column":26}},"13":{"start":{"line":30,"column":6},"end":{"line":30,"column":25}},"14":{"start":{"line":32,"column":6},"end":{"line":32,"column":44}},"15":{"start":{"line":32,"column":22},"end":{"line":32,"column":44}},"16":{"start":{"line":33,"column":6},"end":{"line":33,"column":154}},"17":{"start":{"line":35,"column":6},"end":{"line":35,"column":43}},"18":{"start":{"line":35,"column":22},"end":{"line":35,"column":43}},"19":{"start":{"line":39,"column":4},"end":{"line":44,"column":5}},"20":{"start":{"line":40,"column":24},"end":{"line":40,"column":114}},"21":{"start":{"line":41,"column":6},"end":{"line":41,"column":25}},"22":{"start":{"line":43,"column":6},"end":{"line":43,"column":154}},"23":{"start":{"line":47,"column":4},"end":{"line":52,"column":5}},"24":{"start":{"line":48,"column":24},"end":{"line":48,"column":338}},"25":{"start":{"line":49,"column":6},"end":{"line":49,"column":25}},"26":{"start":{"line":51,"column":6},"end":{"line":51,"column":154}},"27":{"start":{"line":56,"column":4},"end":{"line":61,"column":5}},"28":{"start":{"line":57,"column":26},"end":{"line":57,"column":107}},"29":{"start":{"line":58,"column":6},"end":{"line":58,"column":55}},"30":{"start":{"line":60,"column":6},"end":{"line":60,"column":148}},"31":{"start":{"line":64,"column":4},"end":{"line":69,"column":5}},"32":{"start":{"line":65,"column":27},"end":{"line":65,"column":101}},"33":{"start":{"line":66,"column":6},"end":{"line":66,"column":18}},"34":{"start":{"line":68,"column":6},"end":{"line":68,"column":129}},"35":{"start":{"line":73,"column":4},"end":{"line":86,"column":5}},"36":{"start":{"line":74,"column":6},"end":{"line":74,"column":60}},"37":{"start":{"line":75,"column":23},"end":{"line":80,"column":7}},"38":{"start":{"line":81,"column":6},"end":{"line":81,"column":20}},"39":{"start":{"line":83,"column":6},"end":{"line":83,"column":129}},"40":{"start":{"line":85,"column":6},"end":{"line":85,"column":54}},"41":{"start":{"line":85,"column":35},"end":{"line":85,"column":54}}},"fnMap":{"0":{"name":"(anonymous_0)","decl":{"start":{"line":6,"column":2},"end":{"line":6,"column":3}},"loc":{"start":{"line":6,"column":24},"end":{"line":13,"column":3}},"line":6},"1":{"name":"(anonymous_1)","decl":{"start":{"line":15,"column":2},"end":{"line":15,"column":3}},"loc":{"start":{"line":15,"column":27},"end":{"line":22,"column":3}},"line":15},"2":{"name":"(anonymous_2)","decl":{"start":{"line":23,"column":2},"end":{"line":23,"column":3}},"loc":{"start":{"line":23,"column":32},"end":{"line":37,"column":3}},"line":23},"3":{"name":"(anonymous_3)","decl":{"start":{"line":38,"column":2},"end":{"line":38,"column":3}},"loc":{"start":{"line":38,"column":26},"end":{"line":45,"column":3}},"line":38},"4":{"name":"(anonymous_4)","decl":{"start":{"line":46,"column":2},"end":{"line":46,"column":3}},"loc":{"start":{"line":46,"column":28},"end":{"line":53,"column":3}},"line":46},"5":{"name":"(anonymous_5)","decl":{"start":{"line":55,"column":2},"end":{"line":55,"column":3}},"loc":{"start":{"line":55,"column":38},"end":{"line":62,"column":3}},"line":55},"6":{"name":"(anonymous_6)","decl":{"start":{"line":63,"column":2},"end":{"line":63,"column":3}},"loc":{"start":{"line":63,"column":53},"end":{"line":70,"column":3}},"line":63},"7":{"name":"(anonymous_7)","decl":{"start":{"line":71,"column":2},"end":{"line":71,"column":3}},"loc":{"start":{"line":71,"column":72},"end":{"line":87,"column":3}},"line":71}},"branchMap":{"0":{"loc":{"start":{"line":11,"column":12},"end":{"line":11,"column":153}},"type":"cond-expr","locations":[{"start":{"line":11,"column":31},"end":{"line":11,"column":83}},{"start":{"line":11,"column":86},"end":{"line":11,"column":153}}],"line":11},"1":{"loc":{"start":{"line":20,"column":12},"end":{"line":20,"column":153}},"type":"cond-expr","locations":[{"start":{"line":20,"column":31},"end":{"line":20,"column":83}},{"start":{"line":20,"column":86},"end":{"line":20,"column":153}}],"line":20},"2":{"loc":{"start":{"line":28,"column":254},"end":{"line":28,"column":276}},"type":"binary-expr","locations":[{"start":{"line":28,"column":254},"end":{"line":28,"column":268}},{"start":{"line":28,"column":272},"end":{"line":28,"column":276}}],"line":28},"3":{"loc":{"start":{"line":28,"column":278},"end":{"line":28,"column":310}},"type":"binary-expr","locations":[{"start":{"line":28,"column":278},"end":{"line":28,"column":302}},{"start":{"line":28,"column":306},"end":{"line":28,"column":310}}],"line":28},"4":{"loc":{"start":{"line":32,"column":6},"end":{"line":32,"column":44}},"type":"if","locations":[{"start":{"line":32,"column":6},"end":{"line":32,"column":44}},{"start":{},"end":{}}],"line":32},"5":{"loc":{"start":{"line":33,"column":12},"end":{"line":33,"column":153}},"type":"cond-expr","locations":[{"start":{"line":33,"column":31},"end":{"line":33,"column":83}},{"start":{"line":33,"column":86},"end":{"line":33,"column":153}}],"line":33},"6":{"loc":{"start":{"line":35,"column":6},"end":{"line":35,"column":43}},"type":"if","locations":[{"start":{"line":35,"column":6},"end":{"line":35,"column":43}},{"start":{},"end":{}}],"line":35},"7":{"loc":{"start":{"line":43,"column":12},"end":{"line":43,"column":153}},"type":"cond-expr","locations":[{"start":{"line":43,"column":31},"end":{"line":43,"column":83}},{"start":{"line":43,"column":86},"end":{"line":43,"column":153}}],"line":43},"8":{"loc":{"start":{"line":48,"column":250},"end":{"line":48,"column":302}},"type":"binary-expr","locations":[{"start":{"line":48,"column":250},"end":{"line":48,"column":264}},{"start":{"line":48,"column":268},"end":{"line":48,"column":302}}],"line":48},"9":{"loc":{"start":{"line":48,"column":304},"end":{"line":48,"column":336}},"type":"binary-expr","locations":[{"start":{"line":48,"column":304},"end":{"line":48,"column":328}},{"start":{"line":48,"column":332},"end":{"line":48,"column":336}}],"line":48},"10":{"loc":{"start":{"line":51,"column":12},"end":{"line":51,"column":153}},"type":"cond-expr","locations":[{"start":{"line":51,"column":31},"end":{"line":51,"column":83}},{"start":{"line":51,"column":86},"end":{"line":51,"column":153}}],"line":51},"11":{"loc":{"start":{"line":60,"column":12},"end":{"line":60,"column":147}},"type":"cond-expr","locations":[{"start":{"line":60,"column":29},"end":{"line":60,"column":79}},{"start":{"line":60,"column":82},"end":{"line":60,"column":147}}],"line":60},"12":{"loc":{"start":{"line":68,"column":12},"end":{"line":68,"column":128}},"type":"cond-expr","locations":[{"start":{"line":68,"column":31},"end":{"line":68,"column":83}},{"start":{"line":68,"column":86},"end":{"line":68,"column":128}}],"line":68},"13":{"loc":{"start":{"line":74,"column":17},"end":{"line":74,"column":59}},"type":"binary-expr","locations":[{"start":{"line":74,"column":17},"end":{"line":74,"column":27}},{"start":{"line":74,"column":32},"end":{"line":74,"column":58}}],"line":74},"14":{"loc":{"start":{"line":83,"column":12},"end":{"line":83,"column":128}},"type":"cond-expr","locations":[{"start":{"line":83,"column":31},"end":{"line":83,"column":83}},{"start":{"line":83,"column":86},"end":{"line":83,"column":128}}],"line":83},"15":{"loc":{"start":{"line":85,"column":6},"end":{"line":85,"column":54}},"type":"if","locations":[{"start":{"line":85,"column":6},"end":{"line":85,"column":54}},{"start":{},"end":{}}],"line":85},"16":{"loc":{"start":{"line":85,"column":10},"end":{"line":85,"column":33}},"type":"binary-expr","locations":[{"start":{"line":85,"column":10},"end":{"line":85,"column":21}},{"start":{"line":85,"column":25},"end":{"line":85,"column":33}}],"line":85}},"s":{"0":3,"1":3,"2":3,"3":0,"4":7,"5":7,"6":7,"7":0,"8":1,"9":1,"10":1,"11":1,"12":1,"13":1,"14":0,"15":0,"16":0,"17":1,"18":1,"19":2,"20":2,"21":2,"22":0,"23":5,"24":5,"25":4,"26":1,"27":0,"28":0,"29":0,"30":0,"31":0,"32":0,"33":0,"34":0,"35":0,"36":0,"37":0,"38":0,"39":0,"40":0,"41":0},"f":{"0":3,"1":7,"2":1,"3":2,"4":5,"5":0,"6":0,"7":0},"b":{"0":[0,0],"1":[0,0],"2":[1,0],"3":[1,1],"4":[0,0],"5":[0,0],"6":[1,0],"7":[0,0],"8":[5,5],"9":[5,5],"10":[1,0],"11":[0,0],"12":[0,0],"13":[0,0],"14":[0,0],"15":[0,0],"16":[0,0]},"_coverageSchema":"1a1c01bbd47fc00a2c39e90264f33305004495a9","hash":"b0fad775bbf0204fc88f45621bb5a016811a6fb1"}
,"C:\\Users\\nacho\\Desktop\\Proyectos\\business-manager\\backoffice-backend\\src\\dao\\mysql\\sales.js": {"path":"C:\\Users\\nacho\\Desktop\\Proyectos\\business-manager\\backoffice-backend\\src\\dao\\mysql\\sales.js","statementMap":{"0":{"start":{"line":9,"column":4},"end":{"line":14,"column":5}},"1":{"start":{"line":10,"column":22},"end":{"line":10,"column":159}},"2":{"start":{"line":11,"column":6},"end":{"line":11,"column":32}},"3":{"start":{"line":13,"column":6},"end":{"line":13,"column":147}},"4":{"start":{"line":18,"column":4},"end":{"line":23,"column":5}},"5":{"start":{"line":19,"column":23},"end":{"line":19,"column":83}},"6":{"start":{"line":20,"column":6},"end":{"line":20,"column":31}},"7":{"start":{"line":22,"column":6},"end":{"line":22,"column":147}},"8":{"start":{"line":28,"column":4},"end":{"line":41,"column":5}},"9":{"start":{"line":29,"column":6},"end":{"line":29,"column":60}},"10":{"start":{"line":30,"column":6},"end":{"line":30,"column":57}},"11":{"start":{"line":30,"column":23},"end":{"line":30,"column":57}},"12":{"start":{"line":31,"column":34},"end":{"line":31,"column":86}},"13":{"start":{"line":32,"column":6},"end":{"line":32,"column":103}},"14":{"start":{"line":32,"column":52},"end":{"line":32,"column":100}},"15":{"start":{"line":33,"column":24},"end":{"line":33,"column":85}},"16":{"start":{"line":34,"column":6},"end":{"line":34,"column":47}},"17":{"start":{"line":34,"column":23},"end":{"line":34,"column":47}},"18":{"start":{"line":35,"column":6},"end":{"line":35,"column":25}},"19":{"start":{"line":37,"column":6},"end":{"line":37,"column":61}},"20":{"start":{"line":37,"column":35},"end":{"line":37,"column":61}},"21":{"start":{"line":38,"column":6},"end":{"line":38,"column":147}},"22":{"start":{"line":40,"column":6},"end":{"line":40,"column":54}},"23":{"start":{"line":40,"column":35},"end":{"line":40,"column":54}},"24":{"start":{"line":45,"column":4},"end":{"line":72,"column":5}},"25":{"start":{"line":46,"column":6},"end":{"line":46,"column":46}},"26":{"start":{"line":47,"column":6},"end":{"line":47,"column":42}},"27":{"start":{"line":49,"column":23},"end":{"line":49,"column":183}},"28":{"start":{"line":50,"column":22},"end":{"line":50,"column":37}},"29":{"start":{"line":51,"column":22},"end":{"line":51,"column":23}},"30":{"start":{"line":52,"column":32},"end":{"line":52,"column":33}},"31":{"start":{"line":53,"column":6},"end":{"line":61,"column":8}},"32":{"start":{"line":55,"column":23},"end":{"line":55,"column":82}},"33":{"start":{"line":56,"column":29},"end":{"line":56,"column":44}},"34":{"start":{"line":57,"column":10},"end":{"line":57,"column":34}},"35":{"start":{"line":58,"column":10},"end":{"line":58,"column":42}},"36":{"start":{"line":59,"column":10},"end":{"line":59,"column":104}},"37":{"start":{"line":63,"column":6},"end":{"line":63,"column":58}},"38":{"start":{"line":64,"column":6},"end":{"line":64,"column":92}},"39":{"start":{"line":65,"column":6},"end":{"line":65,"column":32}},"40":{"start":{"line":66,"column":6},"end":{"line":66,"column":71}},"41":{"start":{"line":68,"column":6},"end":{"line":68,"column":50}},"42":{"start":{"line":68,"column":22},"end":{"line":68,"column":50}},"43":{"start":{"line":69,"column":6},"end":{"line":69,"column":129}},"44":{"start":{"line":71,"column":6},"end":{"line":71,"column":43}},"45":{"start":{"line":71,"column":22},"end":{"line":71,"column":43}},"46":{"start":{"line":76,"column":21},"end":{"line":76,"column":39}},"47":{"start":{"line":77,"column":4},"end":{"line":83,"column":5}},"48":{"start":{"line":78,"column":63},"end":{"line":78,"column":228}},"49":{"start":{"line":79,"column":23},"end":{"line":79,"column":184}},"50":{"start":{"line":80,"column":6},"end":{"line":80,"column":33}},"51":{"start":{"line":82,"column":6},"end":{"line":82,"column":129}},"52":{"start":{"line":87,"column":4},"end":{"line":97,"column":5}},"53":{"start":{"line":88,"column":29},"end":{"line":93,"column":10}},"54":{"start":{"line":94,"column":6},"end":{"line":94,"column":39}},"55":{"start":{"line":96,"column":6},"end":{"line":96,"column":129}}},"fnMap":{"0":{"name":"(anonymous_0)","decl":{"start":{"line":8,"column":2},"end":{"line":8,"column":3}},"loc":{"start":{"line":8,"column":24},"end":{"line":15,"column":3}},"line":8},"1":{"name":"(anonymous_1)","decl":{"start":{"line":17,"column":2},"end":{"line":17,"column":3}},"loc":{"start":{"line":17,"column":27},"end":{"line":24,"column":3}},"line":17},"2":{"name":"(anonymous_2)","decl":{"start":{"line":26,"column":2},"end":{"line":26,"column":3}},"loc":{"start":{"line":26,"column":38},"end":{"line":42,"column":3}},"line":26},"3":{"name":"(anonymous_3)","decl":{"start":{"line":32,"column":35},"end":{"line":32,"column":36}},"loc":{"start":{"line":32,"column":52},"end":{"line":32,"column":100}},"line":32},"4":{"name":"(anonymous_4)","decl":{"start":{"line":43,"column":2},"end":{"line":43,"column":3}},"loc":{"start":{"line":43,"column":28},"end":{"line":73,"column":3}},"line":43},"5":{"name":"(anonymous_5)","decl":{"start":{"line":54,"column":26},"end":{"line":54,"column":27}},"loc":{"start":{"line":54,"column":70},"end":{"line":60,"column":9}},"line":54},"6":{"name":"(anonymous_6)","decl":{"start":{"line":75,"
[...]
d":{"line":36,"column":30}},"loc":{"start":{"line":36,"column":38},"end":{"line":43,"column":1}},"line":36},"3":{"name":"(anonymous_3)","decl":{"start":{"line":45,"column":28},"end":{"line":45,"column":29}},"loc":{"start":{"line":45,"column":37},"end":{"line":54,"column":1}},"line":45},"4":{"name":"(anonymous_4)","decl":{"start":{"line":56,"column":28},"end":{"line":56,"column":29}},"loc":{"start":{"line":56,"column":37},"end":{"line":61,"column":1}},"line":56},"5":{"name":"(anonymous_5)","decl":{"start":{"line":63,"column":25},"end":{"line":63,"column":26}},"loc":{"start":{"line":63,"column":34},"end":{"line":73,"column":1}},"line":63},"6":{"name":"(anonymous_6)","decl":{"start":{"line":75,"column":21},"end":{"line":75,"column":22}},"loc":{"start":{"line":75,"column":41},"end":{"line":82,"column":1}},"line":75},"7":{"name":"(anonymous_7)","decl":{"start":{"line":84,"column":25},"end":{"line":84,"column":26}},"loc":{"start":{"line":84,"column":44},"end":{"line":97,"column":1}},"line":84},"8":{"name":"(anonymous_8)","decl":{"start":{"line":99,"column":23},"end":{"line":99,"column":24}},"loc":{"start":{"line":99,"column":48},"end":{"line":109,"column":1}},"line":99}},"branchMap":{"0":{"loc":{"start":{"line":7,"column":28},"end":{"line":7,"column":37}},"type":"default-arg","locations":[{"start":{"line":7,"column":35},"end":{"line":7,"column":37}}],"line":7},"1":{"loc":{"start":{"line":10,"column":4},"end":{"line":13,"column":5}},"type":"if","locations":[{"start":{"line":10,"column":4},"end":{"line":13,"column":5}},{"start":{},"end":{}}],"line":10},"2":{"loc":{"start":{"line":11,"column":24},"end":{"line":11,"column":71}},"type":"binary-expr","locations":[{"start":{"line":11,"column":24},"end":{"line":11,"column":48}},{"start":{"line":11,"column":52},"end":{"line":11,"column":71}}],"line":11},"3":{"loc":{"start":{"line":16,"column":4},"end":{"line":16,"column":50}},"type":"if","locations":[{"start":{"line":16,"column":4},"end":{"line":16,"column":50}},{"start":{},"end":{}}],"line":16},"4":{"loc":{"start":{"line":17,"column":22},"end":{"line":17,"column":69}},"type":"binary-expr","locations":[{"start":{"line":17,"column":22},"end":{"line":17,"column":46}},{"start":{"line":17,"column":50},"end":{"line":17,"column":69}}],"line":17},"5":{"loc":{"start":{"line":21,"column":40},"end":{"line":21,"column":49}},"type":"default-arg","locations":[{"start":{"line":21,"column":47},"end":{"line":21,"column":49}}],"line":21},"6":{"loc":{"start":{"line":23,"column":44},"end":{"line":23,"column":54}},"type":"binary-expr","locations":[{"start":{"line":23,"column":44},"end":{"line":23,"column":46}},{"start":{"line":23,"column":50},"end":{"line":23,"column":54}}],"line":23},"7":{"loc":{"start":{"line":24,"column":4},"end":{"line":27,"column":5}},"type":"if","locations":[{"start":{"line":24,"column":4},"end":{"line":27,"column":5}},{"start":{},"end":{}}],"line":24},"8":{"loc":{"start":{"line":25,"column":24},"end":{"line":25,"column":71}},"type":"binary-expr","locations":[{"start":{"line":25,"column":24},"end":{"line":25,"column":48}},{"start":{"line":25,"column":52},"end":{"line":25,"column":71}}],"line":25},"9":{"loc":{"start":{"line":30,"column":4},"end":{"line":30,"column":50}},"type":"if","locations":[{"start":{"line":30,"column":4},"end":{"line":30,"column":50}},{"start":{},"end":{}}],"line":30},"10":{"loc":{"start":{"line":31,"column":22},"end":{"line":31,"column":69}},"type":"binary-expr","locations":[{"start":{"line":31,"column":22},"end":{"line":31,"column":46}},{"start":{"line":31,"column":50},"end":{"line":31,"column":69}}],"line":31},"11":{"loc":{"start":{"line":38,"column":2},"end":{"line":38,"column":42}},"type":"if","locations":[{"start":{"line":38,"column":2},"end":{"line":38,"column":42}},{"start":{},"end":{}}],"line":38},"12":{"loc":{"start":{"line":39,"column":2},"end":{"line":39,"column":79}},"type":"if","locations":[{"start":{"line":39,"column":2},"end":{"line":39,"column":79}},{"start":{},"end":{}}],"line":39},"13":{"loc":{"start":{"line":40,"column":2},"end":{"line":40,"column":42}},"type":"binary-expr","locations":[{"start":{"line":40,"column":2},"end":{"line":40,"column":13}},{"start":{"line":40,"column":18},"end":{"line":40,"column":41}}],"line":40},"14":{"loc":{"start":{"line":41,"column":2},"end":{"line":41,"column":60}},"type":"binary-expr","locations":[{"start":{"line":41,"column":2},"end":{"line":41,"column":17}},{"start":{"line":41,"column":22},"end":{"line":41,"column":59}}],"line":41},"15":{"loc":{"start":{"line":47,"column":2},"end":{"line":47,"column":42}},"type":"if","locations":[{"start":{"line":47,"column":2},"end":{"line":47,"column":42}},{"start":{},"end":{}}],"line":47},"16":{"loc":{"start":{"line":51,"column":2},"end":{"line":51,"column":47}},"type":"binary-expr","locations":[{"start":{"line":51,"column":2},"end":{"line":51,"column":13}},{"start":{"line":51,"column":18},"end":{"line":51,"column":46}}],"line":51},"17":{"loc":{"start":{"line":52,"column":2},"end":{"line":52,"column":65}},"type":"binary-expr","locations":[{"start":{"line":52,"column":2},"end":{"line":52,"column":17}},{"start":{"line":52,"column":22},"end":{"line":52,"column":64}}],"line":52},"18":{"loc":{"start":{"line":58,"column":2},"end":{"line":58,"column":42}},"type":"if","locations":[{"start":{"line":58,"column":2},"end":{"line":58,"column":42}},{"start":{},"end":{}}],"line":58},"19":{"loc":{"start":{"line":65,"column":2},"end":{"line":65,"column":42}},"type":"if","locations":[{"start":{"line":65,"column":2},"end":{"line":65,"column":42}},{"start":{},"end":{}}],"line":65},"20":{"loc":{"start":{"line":86,"column":4},"end":{"line":88,"column":5}},"type":"if","locations":[{"start":{"line":86,"column":4},"end":{"line":88,"column":5}},{"start":{},"end":{}}],"line":86},"21":{"loc":{"start":{"line":91,"column":4},"end":{"line":91,"column":60}},"type":"if","locations":[{"start":{"line":91,"column":4},"end":{"line":91,"column":60}},{"start":{},"end":{}}],"line":91},"22":{"loc":{"start":{"line":94,"column":4},"end":{"line":94,"column":50}},"type":"if","locations":[{"start":{"line":94,"column":4},"end":{"line":94,"column":50}},{"start":{},"end":{}}],"line":94},"23":{"loc":{"start":{"line":103,"column":4},"end":{"line":103,"column":78}},"type":"if","locations":[{"start":{"line":103,"column":4},"end":{"line":103,"column":78}},{"start":{},"end":{}}],"line":103},"24":{"loc":{"start":{"line":106,"column":4},"end":{"line":106,"column":50}},"type":"if","locations":[{"start":{"line":106,"column":4},"end":{"line":106,"column":50}},{"start":{},"end":{}}],"line":106}},"s":{"0":3,"1":18,"2":18,"3":16,"4":5,"5":5,"6":11,"7":7,"8":5,"9":2,"10":2,"11":3,"12":10,"13":10,"14":9,"15":0,"16":0,"17":9,"18":1,"19":1,"20":0,"21":0,"22":3,"23":9,"24":9,"25":2,"26":7,"27":6,"28":7,"29":7,"30":7,"31":3,"32":11,"33":11,"34":2,"35":9,"36":9,"37":9,"38":9,"39":9,"40":9,"41":3,"42":3,"43":3,"44":2,"45":1,"46":1,"47":3,"48":3,"49":3,"50":2,"51":1,"52":1,"53":1,"54":1,"55":1,"56":1,"57":1,"58":3,"59":6,"60":6,"61":6,"62":0,"63":3,"64":9,"65":9,"66":0,"67":9,"68":9,"69":3,"70":6,"71":3,"72":3,"73":0,"74":3,"75":4,"76":4,"77":4,"78":4,"79":2,"80":2,"81":2,"82":2,"83":0},"f":{"0":18,"1":10,"2":9,"3":11,"4":3,"5":3,"6":6,"7":9,"8":4},"b":{"0":[0],"1":[5,11],"2":[5,3],"3":[5,2],"4":[2,0],"5":[0],"6":[10,8],"7":[0,9],"8":[0,0],"9":[1,0],"10":[0,0],"11":[2,7],"12":[6,1],"13":[7,0],"14":[7,0],"15":[2,9],"16":[9,0],"17":[9,0],"18":[2,1],"19":[2,1],"20":[0,9],"21":[3,6],"22":[3,0],"23":[2,2],"24":[2,0]},"_coverageSchema":"1a1c01bbd47fc00a2c39e90264f33305004495a9","hash":"1af46d66cc45b875839111e08714a7772790de8c"}
,"C:\\Users\\nacho\\Desktop\\Proyectos\\business-manager\\backoffice-backend\\src\\utils\\responses.js": {"path":"C:\\Users\\nacho\\Desktop\\Proyectos\\business-manager\\backoffice-backend\\src\\utils\\responses.js","statementMap":{"0":{"start":{"line":1,"column":27},"end":{"line":6,"column":1}},"1":{"start":{"line":8,"column":24},"end":{"line":10,"column":1}},"2":{"start":{"line":9,"column":2},"end":{"line":9,"column":75}},"3":{"start":{"line":12,"column":28},"end":{"line":17,"column":1}},"4":{"start":{"line":13,"column":2},"end":{"line":16,"column":5}},"5":{"start":{"line":18,"column":28},"end":{"line":23,"column":1}},"6":{"start":{"line":19,"column":2},"end":{"line":22,"column":5}},"7":{"start":{"line":25,"column":25},"end":{"line":30,"column":1}},"8":{"start":{"line":26,"column":2},"end":{"line":29,"column":5}},"9":{"start":{"line":32,"column":29},"end":{"line":37,"column":1}},"10":{"start":{"line":33,"column":2},"end":{"line":36,"column":5}}},"fnMap":{"0":{"name":"(anonymous_0)","decl":{"start":{"line":8,"column":24},"end":{"line":8,"column":25}},"loc":{"start":{"line":8,"column":63},"end":{"line":10,"column":1}},"line":8},"1":{"name":"(anonymous_1)","decl":{"start":{"line":12,"column":28},"end":{"line":12,"column":29}},"loc":{"start":{"line":12,"column":74},"end":{"line":17,"column":1}},"line":12},"2":{"name":"(anonymous_2)","decl":{"start":{"line":18,"column":28},"end":{"line":18,"column":29}},"loc":{"start":{"line":18,"column":84},"end":{"line":23,"column":1}},"line":18},"3":{"name":"(anonymous_3)","decl":{"start":{"line":25,"column":25},"end":{"line":25,"column":26}},"loc":{"start":{"line":25,"column":78},"end":{"line":30,"column":1}},"line":25},"4":{"name":"(anonymous_4)","decl":{"start":{"line":32,"column":29},"end":{"line":32,"column":30}},"loc":{"start":{"line":32,"column":76},"end":{"line":37,"column":1}},"line":32}},"branchMap":{"0":{"loc":{"start":{"line":8,"column":30},"end":{"line":8,"column":44}},"type":"default-arg","locations":[{"start":{"line":8,"column":40},"end":{"line":8,"column":44}}],"line":8},"1":{"loc":{"start":{"line":8,"column":46},"end":{"line":8,"column":58}},"type":"default-arg","locations":[{"start":{"line":8,"column":55},"end":{"line":8,"column":58}}],"line":8},"2":{"loc":{"start":{"line":12,"column":34},"end":{"line":12,"column":55}},"type":"default-arg","locations":[{"start":{"line":12,"column":42},"end":{"line":12,"column":55}}],"line":12},"3":{"loc":{"start":{"line":12,"column":57},"end":{"line":12,"column":69}},"type":"default-arg","locations":[{"start":{"line":12,"column":66},"end":{"line":12,"column":69}}],"line":12},"4":{"loc":{"start":{"line":18,"column":34},"end":{"line":18,"column":65}},"type":"default-arg","locations":[{"start":{"line":18,"column":42},"end":{"line":18,"column":65}}],"line":18},"5":{"loc":{"start":{"line":18,"column":67},"end":{"line":18,"column":79}},"type":"default-arg","locations":[{"start":{"line":18,"column":76},"end":{"line":18,"column":79}}],"line":18},"6":{"loc":{"start":{"line":25,"column":31},"end":{"line":25,"column":59}},"type":"default-arg","locations":[{"start":{"line":25,"column":39},"end":{"line":25,"column":59}}],"line":25},"7":{"loc":{"start":{"line":25,"column":61},"end":{"line":25,"column":73}},"type":"default-arg","locations":[{"start":{"line":25,"column":70},"end":{"line":25,"column":73}}],"line":25},"8":{"loc":{"start":{"line":32,"column":35},"end":{"line":32,"column":57}},"type":"default-arg","locations":[{"start":{"line":32,"column":43},"end":{"line":32,"column":57}}],"line":32},"9":{"loc":{"start":{"line":32,"column":59},"end":{"line":32,"column":71}},"type":"default-arg","locations":[{"start":{"line":32,"column":68},"end":{"line":32,"column":71}}],"line":32}},"s":{"0":3,"1":3,"2":22,"3":3,"4":0,"5":3,"6":0,"7":3,"8":0,"9":3,"10":0},"f":{"0":22,"1":0,"2":0,"3":0,"4":0},"b":{"0":[0],"1":[22],"2":[0],"3":[0],"4":[0],"5":[0],"6":[0],"7":[0],"8":[0],"9":[0]},"_coverageSchema":"1a1c01bbd47fc00a2c39e90264f33305004495a9","hash":"7911c85604d35e08e2920580af25026562f67522"}
,"C:\\Users\\nacho\\Desktop\\Proyectos\\business-manager\\backoffice-backend\\src\\utils\\roles.js": {"path":"C:\\Users\\nacho\\Desktop\\Proyectos\\business-manager\\backoffice-backend\\src\\utils\\roles.js","statementMap":{"0":{"start":{"line":1,"column":25},"end":{"line":6,"column":1}}},"fnMap":{},"branchMap":{},"s":{"0":2},"f":{},"b":{},"_coverageSchema":"1a1c01bbd47fc00a2c39e90264f33305004495a9","hash":"539553c6ad03fc287fe3f5769fc7fcb79a64c65d"}
,"C:\\Users\\nacho\\Desktop\\Proyectos\\business-manager\\backoffice-backend\\src\\utils\\utils.js": {"path":"C:\\Users\\nacho\\Desktop\\Proyectos\\business-manager\\backoffice-backend\\src\\utils\\utils.js","statementMap":{"0":{"start":{"line":4,"column":26},"end":{"line":4,"column":91}},"1":{"start":{"line":4,"column":46},"end":{"line":4,"column":91}},"2":{"start":{"line":6,"column":31},"end":{"line":6,"column":96}},"3":{"start":{"line":6,"column":57},"end":{"line":6,"column":96}},"4":{"start":{"line":8,"column":31},"end":{"line":14,"column":1}},"5":{"start":{"line":9,"column":14},"end":{"line":9,"column":18}},"6":{"start":{"line":10,"column":2},"end":{"line":12,"column":3}},"7":{"start":{"line":11,"column":4},"end":{"line":11,"column":41}},"8":{"start":{"line":13,"column":2},"end":{"line":13,"column":15}},"9":{"start":{"line":16,"column":30},"end":{"line":22,"column":1}},"10":{"start":{"line":17,"column":14},"end":{"line":17,"column":18}},"11":{"start":{"line":18,"column":2},"end":{"line":20,"column":3}},"12":{"start":{"line":19,"column":4},"end":{"line":19,"column":29}},"13":{"start":{"line":21,"column":2},"end":{"line":21,"column":15}},"14":{"start":{"line":24,"column":27},"end":{"line":24,"column":107}},"15":{"start":{"line":24,"column":48},"end":{"line":24,"column":107}},"16":{"start":{"line":26,"column":28},"end":{"line":32,"column":1}},"17":{"start":{"line":34,"column":29},"end":{"line":37,"column":1}}},"fnMap":{"0":{"name":"(anonymous_0)","decl":{"start":{"line":4,"column":26},"end":{"line":4,"column":27}},"loc":{"start":{"line":4,"column":46},"end":{"line":4,"column":91}},"line":4},"1":{"name":"(anonymous_1)","decl":{"start":{"line":6,"column":31},"end":{"line":6,"column":32}},"loc":{"start":{"line":6,"column":57},"end":{"line":6,"column":96}},"line":6},"2":{"name":"(anonymous_2)","decl":{"start":{"line":8,"column":31},"end":{"line":8,"column":32}},"loc":{"start":{"line":8,"column":40},"end":{"line":14,"column":1}},"line":8},"3":{"name":"(anonymous_3)","decl":{"start":{"line":16,"column":30},"end":{"line":16,"column":31}},"loc":{"start":{"line":16,"column":39},"end":{"line":22,"column":1}},"line":16},"4":{"name":"(anonymous_4)","decl":{"start":{"line":24,"column":27},"end":{"line":24,"column":28}},"loc":{"start":{"line":24,"column":48},"end":{"line":24,"column":107}},"line":24}},"branchMap":{"0":{"loc":{"start":{"line":10,"column":2},"end":{"line":12,"column":3}},"type":"if","locations":[{"start":{"line":10,"column":2},"end":{"line":12,"column":3}},{"start":{},"end":{}}],"line":10},"1":{"loc":{"start":{"line":10,"column":6},"end":{"line":10,"column":24}},"type":"binary-expr","locations":[{"start":{"line":10,"column":6},"end":{"line":10,"column":9}},{"start":{"line":10,"column":13},"end":{"line":10,"column":24}}],"line":10},"2":{"loc":{"start":{"line":18,"column":2},"end":{"line":20,"column":3}},"type":"if","locations":[{"start":{"line":18,"column":2},"end":{"line":20,"column":3}},{"start":{},"end":{}}],"line":18},"3":{"loc":{"start":{"line":18,"column":6},"end":{"line":18,"column":29}},"type":"binary-expr","locations":[{"start":{"line":18,"column":6},"end":{"line":18,"column":9}},{"start":{"line":18,"column":13},"end":{"line":18,"column":29}}],"line":18},"4":{"loc":{"start":{"line":24,"column":48},"end":{"line":24,"column":107}},"type":"binary-expr","locations":[{"start":{"line":24,"column":48},"end":{"line":24,"column":57}},{"start":{"line":24,"column":62},"end":{"line":24,"column":106}}],"line":24}},"s":{"0":2,"1":0,"2":2,"3":0,"4":2,"5":0,"6":0,"7":0,"8":0,"9":2,"10":0,"11":0,"12":0,"13":0,"14":2,"15":3,"16":2,"17":2},"f":{"0":0,"1":0,"2":0,"3":0,"4":3},"b":{"0":[0,0],"1":[0,0],"2":[0,0],"3":[0,0],"4":[3,0]},"_coverageSchema":"1a1c01bbd47fc00a2c39e90264f33305004495a9","hash":"a1d93beba16fa5f5d8344b1445167af6211c6e69"}
,"C:\\Users\\nacho\\Desktop\\Proyectos\\business-manager\\backoffice-backend\\src\\utils\\errors\\customError.js": {"path":"C:\\Users\\nacho\\Desktop\\Proyectos\\business-manager\\backoffice-backend\\src\\utils\\errors\\customError.js","statementMap":{"0":{"start":{"line":5,"column":4},"end":{"line":5,"column":19}},"1":{"start":{"line":6,"column":4},"end":{"line":6,"column":46}},"2":{"start":{"line":7,"column":4},"end":{"line":7,"column":40}}},"fnMap":{"0":{"name":"(anonymous_0)","decl":{"start":{"line":4,"column":2},"end":{"line":4,"column":3}},"loc":{"start":{"line":4,"column":41},"end":{"line":8,"column":3}},"line":4}},"branchMap":{"0":{"loc":{"start":{"line":6,"column":16},"end":{"line":6,"column":45}},"type":"binary-expr","locations":[{"start":{"line":6,"column":16},"end":{"line":6,"column":20}},{"start":{"line":6,"column":24},"end":{"line":6,"column":45}}],"line":6},"1":{"loc":{"start":{"line":7,"column":22},"end":{"line":7,"column":39}},"type":"binary-expr","locations":[{"start":{"line":7,"column":22},"end":{"line":7,"column":32}},{"start":{"line":7,"column":36},"end":{"line":7,"column":39}}],"line":7}},"s":{"0":13,"1":13,"2":13},"f":{"0":13},"b":{"0":[13,0],"1":[13,0]},"_coverageSchema":"1a1c01bbd47fc00a2c39e90264f33305004495a9","hash":"a1bdcdd69a2c918718547bc98cb6359bcabd18fc"}
,"C:\\Users\\nacho\\Desktop\\Proyectos\\business-manager\\backoffice-backend\\src\\utils\\errors\\errorFactory.js": {"path":"C:\\Users\\nacho\\Desktop\\Proyectos\\business-manager\\backoffice-backend\\src\\utils\\errors\\errorFactory.js","statementMap":{"0":{"start":{"line":3,"column":33},"end":{"line":6,"column":1}},"1":{"start":{"line":4,"column":16},"end":{"line":4,"column":130}},"2":{"start":{"line":5,"column":2},"end":{"line":5,"column":15}}},"fnMap":{"0":{"name":"(anonymous_0)","decl":{"start":{"line":3,"column":33},"end":{"line":3,"column":34}},"loc":{"start":{"line":3,"column":70},"end":{"line":6,"column":1}},"line":3}},"branchMap":{"0":{"loc":{"start":{"line":4,"column":49},"end":{"line":4,"column":85}},"type":"binary-expr","locations":[{"start":{"line":4,"column":49},"end":{"line":4,"column":56}},{"start":{"line":4,"column":60},"end":{"line":4,"column":85}}],"line":4},"1":{"loc":{"start":{"line":4,"column":87},"end":{"line":4,"column":129}},"type":"binary-expr","locations":[{"start":{"line":4,"column":87},"end":{"line":4,"column":97}},{"start":{"line":4,"column":101},"end":{"line":4,"column":129}}],"line":4}},"s":{"0":3,"1":13,"2":13},"f":{"0":13},"b":{"0":[13,5],"1":[13,13]},"_coverageSchema":"1a1c01bbd47fc00a2c39e90264f33305004495a9","hash":"047ec0c725b17ff83b5942e898b8ce1bb4f2737f"}
,"C:\\Users\\nacho\\Desktop\\Proyectos\\business-manager\\backoffice-backend\\src\\utils\\errors\\errorTypes.js": {"path":"C:\\Users\\nacho\\Desktop\\Proyectos\\business-manager\\backoffice-backend\\src\\utils\\errors\\errorTypes.js","statementMap":{"0":{"start":{"line":1,"column":22},"end":{"line":10,"column":1}}},"fnMap":{},"branchMap":{},"s":{"0":3},"f":{},"b":{},"_coverageSchema":"1a1c01bbd47fc00a2c39e90264f33305004495a9","hash":"8386a9df56ae808250aeaf814212ddaf2d8e04ba"}
,"C:\\Users\\nacho\\Desktop\\Proyectos\\business-manager\\backoffice-backend\\test\\integration\\costumers\\costumers.mock.js": {"path":"C:\\Users\\nacho\\Desktop\\Proyectos\\business-manager\\backoffice-backend\\test\\integration\\costumers\\costumers.mock.js","statementMap":{"0":{"start":{"line":1,"column":25},"end":{"line":10,"column":1}}},"fnMap":{},"branchMap":{},"s":{"0":1},"f":{},"b":{},"_coverageSchema":"1a1c01bbd47fc00a2c39e90264f33305004495a9","hash":"c4df4a98ab1bcdee94dd6f8c29e1af706b7d0180"}
,"C:\\Users\\nacho\\Desktop\\Proyectos\\business-manager\\backoffice-backend\\test\\integration\\products\\products.mock.js": {"path":"C:\\Users\\nacho\\Desktop\\Proyectos\\business-manager\\backoffice-backend\\test\\integration\\products\\products.mock.js","statementMap":{"0":{"start":{"line":1,"column":24},"end":{"line":18,"column":1}}},"fnMap":{},"branchMap":{},"s":{"0":1},"f":{},"b":{},"_coverageSchema":"1a1c01bbd47fc00a2c39e90264f33305004495a9","hash":"ae919000afd9b5343813a227fe4a9115be3dba17"}
}
